[07-Sep-2017 17:37:55 UTC] PHP Parse error:  syntax error, unexpected '$green' (T_VARIABLE) in /home/ubuntu/workspace/tjulian/practice/randombackground.php on line 11
[07-Sep-2017 17:37:57 UTC] PHP Parse error:  syntax error, unexpected '$green' (T_VARIABLE) in /home/ubuntu/workspace/tjulian/practice/randombackground.php on line 11
[07-Sep-2017 17:53:50 UTC] PHP Parse error:  syntax error, unexpected 'echo' (T_ECHO), expecting ',' or ';' in /home/ubuntu/workspace/tjulian/practice/randombackground.php on line 12
[07-Sep-2017 17:53:53 UTC] PHP Parse error:  syntax error, unexpected 'echo' (T_ECHO), expecting ',' or ';' in /home/ubuntu/workspace/tjulian/practice/randombackground.php on line 12
[07-Sep-2017 17:53:54 UTC] PHP Parse error:  syntax error, unexpected 'echo' (T_ECHO), expecting ',' or ';' in /home/ubuntu/workspace/tjulian/practice/randombackground.php on line 12
[07-Sep-2017 18:00:14 UTC] PHP Parse error:  syntax error, unexpected '}' in /home/ubuntu/workspace/tjulian/practice/randombackground.php on line 4
[07-Sep-2017 18:00:15 UTC] PHP Parse error:  syntax error, unexpected '}' in /home/ubuntu/workspace/tjulian/practice/randombackground.php on line 4
[07-Sep-2017 18:01:22 UTC] PHP Parse error:  syntax error, unexpected '}' in /home/ubuntu/workspace/tjulian/practice/randombackground.php on line 4
[07-Sep-2017 18:01:23 UTC] PHP Parse error:  syntax error, unexpected '}' in /home/ubuntu/workspace/tjulian/practice/randombackground.php on line 4
[07-Sep-2017 18:05:18 UTC] PHP Parse error:  syntax error, unexpected '>' in /home/ubuntu/workspace/tjulian/practice/randombackground.php on line 5
[07-Sep-2017 18:05:19 UTC] PHP Parse error:  syntax error, unexpected '>' in /home/ubuntu/workspace/tjulian/practice/randombackground.php on line 5
[07-Sep-2017 18:05:20 UTC] PHP Parse error:  syntax error, unexpected '>' in /home/ubuntu/workspace/tjulian/practice/randombackground.php on line 5
[07-Sep-2017 18:05:20 UTC] PHP Parse error:  syntax error, unexpected '>' in /home/ubuntu/workspace/tjulian/practice/randombackground.php on line 5
[07-Sep-2017 18:07:16 UTC] PHP Parse error:  syntax error, unexpected 'echo' (T_ECHO), expecting ',' or ';' in /home/ubuntu/workspace/tjulian/practice/randombackground.php on line 33
[07-Sep-2017 18:07:17 UTC] PHP Parse error:  syntax error, unexpected 'echo' (T_ECHO), expecting ',' or ';' in /home/ubuntu/workspace/tjulian/practice/randombackground.php on line 33
[07-Sep-2017 18:07:18 UTC] PHP Parse error:  syntax error, unexpected 'echo' (T_ECHO), expecting ',' or ';' in /home/ubuntu/workspace/tjulian/practice/randombackground.php on line 33
[07-Sep-2017 18:07:18 UTC] PHP Parse error:  syntax error, unexpected 'echo' (T_ECHO), expecting ',' or ';' in /home/ubuntu/workspace/tjulian/practice/randombackground.php on line 33
[07-Sep-2017 18:07:18 UTC] PHP Parse error:  syntax error, unexpected 'echo' (T_ECHO), expecting ',' or ';' in /home/ubuntu/workspace/tjulian/practice/randombackground.php on line 33
[07-Sep-2017 18:08:03 UTC] PHP Parse error:  syntax error, unexpected 'echo' (T_ECHO), expecting ',' or ';' in /home/ubuntu/workspace/tjulian/practice/randombackground.php on line 33
[07-Sep-2017 18:25:39 UTC] PHP Parse error:  syntax error, unexpected 'echo' (T_ECHO), expecting ',' or ';' in /home/ubuntu/workspace/tjulian/practice/randombackground.php on line 33
[07-Sep-2017 18:25:42 UTC] PHP Parse error:  syntax error, unexpected 'echo' (T_ECHO), expecting ',' or ';' in /home/ubuntu/workspace/tjulian/practice/randombackground.php on line 33
[07-Sep-2017 18:25:43 UTC] PHP Parse error:  syntax error, unexpected 'echo' (T_ECHO), expecting ',' or ';' in /home/ubuntu/workspace/tjulian/practice/randombackground.php on line 33
[07-Sep-2017 18:25:44 UTC] PHP Parse error:  syntax error, unexpected 'echo' (T_ECHO), expecting ',' or ';' in /home/ubuntu/workspace/tjulian/practice/randombackground.php on line 33
[07-Sep-2017 18:25:44 UTC] PHP Parse error:  syntax error, unexpected 'echo' (T_ECHO), expecting ',' or ';' in /home/ubuntu/workspace/tjulian/practice/randombackground.php on line 33
[07-Sep-2017 18:25:45 UTC] PHP Parse error:  syntax error, unexpected 'echo' (T_ECHO), expecting ',' or ';' in /home/ubuntu/workspace/tjulian/practice/randombackground.php on line 33
[12-Sep-2017 01:29:28 UTC] PHP Parse error:  syntax error, unexpected 'echo' (T_ECHO), expecting ',' or ';' in /home/ubuntu/workspace/tjulian/practice/randombackground.php on line 33
[12-Sep-2017 01:36:44 UTC] PHP Parse error:  syntax error, unexpected '}' in /home/ubuntu/workspace/tjulian/practice/randombackground.php on line 35
[12-Sep-2017 18:15:00 UTC] PHP Parse error:  syntax error, unexpected '=', expecting ';' in /home/ubuntu/workspace/tjulian/practice/array.php on line 20
[12-Sep-2017 18:15:01 UTC] PHP Parse error:  syntax error, unexpected '=', expecting ';' in /home/ubuntu/workspace/tjulian/practice/array.php on line 20
[12-Sep-2017 18:18:15 UTC] PHP Parse error:  syntax error, unexpected '=', expecting ';' in /home/ubuntu/workspace/tjulian/practice/array.php on line 20
[12-Sep-2017 18:18:17 UTC] PHP Parse error:  syntax error, unexpected '=', expecting ';' in /home/ubuntu/workspace/tjulian/practice/array.php on line 20
[12-Sep-2017 18:18:36 UTC] PHP Parse error:  syntax error, unexpected '=', expecting ';' in /home/ubuntu/workspace/tjulian/practice/array.php on line 20
