[18-Sep-2017 09:03:29 UTC] PHP Parse error:  syntax error, unexpected '"paper"' (T_CONSTANT_ENCAPSED_STRING), expecting ')' in /home/ubuntu/workspace/tjulian/hw/hw2/inc/functions.php on line 7
[18-Sep-2017 09:03:29 UTC] PHP Stack trace:
[18-Sep-2017 09:03:29 UTC] PHP   1. {main}() /home/ubuntu/workspace/tjulian/hw/hw2/index.php:0
[18-Sep-2017 09:12:42 UTC] PHP Parse error:  syntax error, unexpected '=', expecting ')' in /home/ubuntu/workspace/tjulian/hw/hw2/inc/functions.php on line 6
[18-Sep-2017 09:12:42 UTC] PHP Stack trace:
[18-Sep-2017 09:12:42 UTC] PHP   1. {main}() /home/ubuntu/workspace/tjulian/hw/hw2/index.php:0
[18-Sep-2017 09:15:53 UTC] PHP Parse error:  syntax error, unexpected '<' in /home/ubuntu/workspace/tjulian/hw/hw2/inc/functions.php on line 6
[18-Sep-2017 09:15:53 UTC] PHP Stack trace:
[18-Sep-2017 09:15:53 UTC] PHP   1. {main}() /home/ubuntu/workspace/tjulian/hw/hw2/index.php:0
[18-Sep-2017 09:22:46 UTC] PHP Parse error:  syntax error, unexpected '<' in /home/ubuntu/workspace/tjulian/hw/hw2/inc/functions.php on line 6
[18-Sep-2017 09:22:46 UTC] PHP Stack trace:
[18-Sep-2017 09:22:46 UTC] PHP   1. {main}() /home/ubuntu/workspace/tjulian/hw/hw2/index.php:0
[18-Sep-2017 09:22:48 UTC] PHP Parse error:  syntax error, unexpected '<' in /home/ubuntu/workspace/tjulian/hw/hw2/inc/functions.php on line 6
[18-Sep-2017 09:22:48 UTC] PHP Stack trace:
[18-Sep-2017 09:22:48 UTC] PHP   1. {main}() /home/ubuntu/workspace/tjulian/hw/hw2/index.php:0
[18-Sep-2017 09:22:59 UTC] PHP Parse error:  syntax error, unexpected '<' in /home/ubuntu/workspace/tjulian/hw/hw2/inc/functions.php on line 6
[18-Sep-2017 09:22:59 UTC] PHP Stack trace:
[18-Sep-2017 09:22:59 UTC] PHP   1. {main}() /home/ubuntu/workspace/tjulian/hw/hw2/index.php:0
[18-Sep-2017 09:23:25 UTC] PHP Warning:  Unterminated comment starting line 3 in /home/ubuntu/workspace/tjulian/hw/hw2/inc/functions.php on line 3
[18-Sep-2017 09:23:25 UTC] PHP Stack trace:
[18-Sep-2017 09:23:25 UTC] PHP   1. {main}() /home/ubuntu/workspace/tjulian/hw/hw2/index.php:0
[18-Sep-2017 10:06:33 UTC] PHP Parse error:  syntax error, unexpected '}' in /home/ubuntu/workspace/tjulian/hw/hw2/inc/functions.php on line 38
[18-Sep-2017 10:06:33 UTC] PHP Stack trace:
[18-Sep-2017 10:06:33 UTC] PHP   1. {main}() /home/ubuntu/workspace/tjulian/hw/hw2/index.php:0
[18-Sep-2017 11:12:05 UTC] PHP Parse error:  syntax error, unexpected end of file in /home/ubuntu/workspace/tjulian/hw/hw2/items.php on line 7
[18-Sep-2017 11:32:44 UTC] PHP Parse error:  syntax error, unexpected '' (T_ENCAPSED_AND_WHITESPACE), expecting identifier (T_STRING) or variable (T_VARIABLE) or number (T_NUM_STRING) in /home/ubuntu/workspace/tjulian/hw/hw2/functions.php on line 26
[18-Sep-2017 11:32:44 UTC] PHP Stack trace:
[18-Sep-2017 11:32:44 UTC] PHP   1. {main}() /home/ubuntu/workspace/tjulian/hw/hw2/index.php:0
[18-Sep-2017 22:51:46 UTC] PHP Parse error:  syntax error, unexpected 'else' (T_ELSE) in /home/ubuntu/workspace/tjulian/hw/hw2/functions.php on line 74
[18-Sep-2017 22:51:46 UTC] PHP Stack trace:
[18-Sep-2017 22:51:46 UTC] PHP   1. {main}() /home/ubuntu/workspace/tjulian/hw/hw2/index.php:0
[18-Sep-2017 22:55:48 UTC] PHP Parse error:  syntax error, unexpected '}' in /home/ubuntu/workspace/tjulian/hw/hw2/functions.php on line 45
[18-Sep-2017 22:55:48 UTC] PHP Stack trace:
[18-Sep-2017 22:55:48 UTC] PHP   1. {main}() /home/ubuntu/workspace/tjulian/hw/hw2/index.php:0
[18-Sep-2017 23:21:30 UTC] PHP Parse error:  syntax error, unexpected ',' in /home/ubuntu/workspace/tjulian/hw/hw2/functions.php on line 41
[18-Sep-2017 23:21:30 UTC] PHP Stack trace:
[18-Sep-2017 23:21:30 UTC] PHP   1. {main}() /home/ubuntu/workspace/tjulian/hw/hw2/index.php:0
[19-Sep-2017 01:55:25 UTC] PHP Parse error:  syntax error, unexpected 'else' (T_ELSE) in /home/ubuntu/workspace/tjulian/hw/hw2/functions.php on line 68
[19-Sep-2017 01:55:25 UTC] PHP Stack trace:
[19-Sep-2017 01:55:25 UTC] PHP   1. {main}() /home/ubuntu/workspace/tjulian/hw/hw2/index.php:0
[19-Sep-2017 02:01:03 UTC] PHP Fatal error:  Call to undefined function displayCard() in /home/ubuntu/workspace/tjulian/hw/hw2/functions.php on line 57
[19-Sep-2017 02:01:03 UTC] PHP Stack trace:
[19-Sep-2017 02:01:03 UTC] PHP   1. {main}() /home/ubuntu/workspace/tjulian/hw/hw2/index.php:0
[19-Sep-2017 02:01:03 UTC] PHP   2. include() /home/ubuntu/workspace/tjulian/hw/hw2/index.php:3
[19-Sep-2017 02:01:41 UTC] PHP Fatal error:  Call to undefined function displayCard() in /home/ubuntu/workspace/tjulian/hw/hw2/functions.php on line 57
[19-Sep-2017 02:01:41 UTC] PHP Stack trace:
[19-Sep-2017 02:01:41 UTC] PHP   1. {main}() /home/ubuntu/workspace/tjulian/hw/hw2/index.php:0
[19-Sep-2017 02:01:41 UTC] PHP   2. include() /home/ubuntu/workspace/tjulian/hw/hw2/index.php:3
[19-Sep-2017 02:10:29 UTC] PHP Fatal error:  Call to undefined function displayCard() in /home/ubuntu/workspace/tjulian/hw/hw2/functions.php on line 57
[19-Sep-2017 02:10:29 UTC] PHP Stack trace:
[19-Sep-2017 02:10:29 UTC] PHP   1. {main}() /home/ubuntu/workspace/tjulian/hw/hw2/index.php:0
[19-Sep-2017 02:10:29 UTC] PHP   2. include() /home/ubuntu/workspace/tjulian/hw/hw2/index.php:3
[19-Sep-2017 02:12:08 UTC] PHP Parse error:  syntax error, unexpected '<' in /home/ubuntu/workspace/tjulian/hw/hw2/functions.php on line 2
[19-Sep-2017 02:12:08 UTC] PHP Stack trace:
[19-Sep-2017 02:12:08 UTC] PHP   1. {main}() /home/ubuntu/workspace/tjulian/hw/hw2/index.php:0
[19-Sep-2017 02:12:10 UTC] PHP Parse error:  syntax error, unexpected '<' in /home/ubuntu/workspace/tjulian/hw/hw2/functions.php on line 2
[19-Sep-2017 02:12:10 UTC] PHP Stack trace:
[19-Sep-2017 02:12:10 UTC] PHP   1. {main}() /home/ubuntu/workspace/tjulian/hw/hw2/index.php:0
[19-Sep-2017 02:13:05 UTC] PHP Parse error:  syntax error, unexpected '<' in /home/ubuntu/workspace/tjulian/hw/hw2/functions.php on line 2
[19-Sep-2017 02:13:05 UTC] PHP Stack trace:
[19-Sep-2017 02:13:05 UTC] PHP   1. {main}() /home/ubuntu/workspace/tjulian/hw/hw2/index.php:0
[19-Sep-2017 02:13:40 UTC] PHP Fatal error:  Call to undefined function game() in /home/ubuntu/workspace/tjulian/hw/hw2/index.php on line 17
[19-Sep-2017 02:13:40 UTC] PHP Stack trace:
[19-Sep-2017 02:13:40 UTC] PHP   1. {main}() /home/ubuntu/workspace/tjulian/hw/hw2/index.php:0
[19-Sep-2017 02:13:42 UTC] PHP Fatal error:  Call to undefined function game() in /home/ubuntu/workspace/tjulian/hw/hw2/index.php on line 17
[19-Sep-2017 02:13:42 UTC] PHP Stack trace:
[19-Sep-2017 02:13:42 UTC] PHP   1. {main}() /home/ubuntu/workspace/tjulian/hw/hw2/index.php:0
[19-Sep-2017 02:14:10 UTC] PHP Fatal error:  Call to undefined function game() in /home/ubuntu/workspace/tjulian/hw/hw2/index.php on line 17
[19-Sep-2017 02:14:10 UTC] PHP Stack trace:
[19-Sep-2017 02:14:10 UTC] PHP   1. {main}() /home/ubuntu/workspace/tjulian/hw/hw2/index.php:0
[19-Sep-2017 02:14:36 UTC] PHP Fatal error:  Call to undefined function game() in /home/ubuntu/workspace/tjulian/hw/hw2/index.php on line 17
[19-Sep-2017 02:14:36 UTC] PHP Stack trace:
[19-Sep-2017 02:14:36 UTC] PHP   1. {main}() /home/ubuntu/workspace/tjulian/hw/hw2/index.php:0
[19-Sep-2017 02:14:41 UTC] PHP Fatal error:  Call to undefined function game() in /home/ubuntu/workspace/tjulian/hw/hw2/index.php on line 17
[19-Sep-2017 02:14:41 UTC] PHP Stack trace:
[19-Sep-2017 02:14:41 UTC] PHP   1. {main}() /home/ubuntu/workspace/tjulian/hw/hw2/index.php:0
[19-Sep-2017 02:14:42 UTC] PHP Fatal error:  Call to undefined function game() in /home/ubuntu/workspace/tjulian/hw/hw2/index.php on line 17
[19-Sep-2017 02:14:42 UTC] PHP Stack trace:
[19-Sep-2017 02:14:42 UTC] PHP   1. {main}() /home/ubuntu/workspace/tjulian/hw/hw2/index.php:0
[19-Sep-2017 02:14:43 UTC] PHP Fatal error:  Call to undefined function game() in /home/ubuntu/workspace/tjulian/hw/hw2/index.php on line 17
[19-Sep-2017 02:14:43 UTC] PHP Stack trace:
[19-Sep-2017 02:14:43 UTC] PHP   1. {main}() /home/ubuntu/workspace/tjulian/hw/hw2/index.php:0
[19-Sep-2017 02:15:12 UTC] PHP Fatal error:  Call to undefined function game() in /home/ubuntu/workspace/tjulian/hw/hw2/index.php on line 17
[19-Sep-2017 02:15:12 UTC] PHP Stack trace:
[19-Sep-2017 02:15:12 UTC] PHP   1. {main}() /home/ubuntu/workspace/tjulian/hw/hw2/index.php:0
[19-Sep-2017 02:15:38 UTC] PHP Fatal error:  Call to undefined function game() in /home/ubuntu/workspace/tjulian/hw/hw2/index.php on line 17
[19-Sep-2017 02:15:38 UTC] PHP Stack trace:
[19-Sep-2017 02:15:38 UTC] PHP   1. {main}() /home/ubuntu/workspace/tjulian/hw/hw2/index.php:0
[19-Sep-2017 02:15:42 UTC] PHP Fatal error:  Call to undefined function game() in /home/ubuntu/workspace/tjulian/hw/hw2/index.php on line 17
[19-Sep-2017 02:15:42 UTC] PHP Stack trace:
[19-Sep-2017 02:15:42 UTC] PHP   1. {main}() /home/ubuntu/workspace/tjulian/hw/hw2/index.php:0
[19-Sep-2017 02:15:44 UTC] PHP Fatal error:  Call to undefined function game() in /home/ubuntu/workspace/tjulian/hw/hw2/index.php on line 17
[19-Sep-2017 02:15:44 UTC] PHP Stack trace:
[19-Sep-2017 02:15:44 UTC] PHP   1. {main}() /home/ubuntu/workspace/tjulian/hw/hw2/index.php:0
[19-Sep-2017 02:15:46 UTC] PHP Fatal error:  Call to undefined function game() in /home/ubuntu/workspace/tjulian/hw/hw2/index.php on line 17
[19-Sep-2017 02:15:46 UTC] PHP Stack trace:
[19-Sep-2017 02:15:46 UTC] PHP   1. {main}() /home/ubuntu/workspace/tjulian/hw/hw2/index.php:0
[19-Sep-2017 02:15:47 UTC] PHP Fatal error:  Call to undefined function game() in /home/ubuntu/workspace/tjulian/hw/hw2/index.php on line 17
[19-Sep-2017 02:15:47 UTC] PHP Stack trace:
[19-Sep-2017 02:15:47 UTC] PHP   1. {main}() /home/ubuntu/workspace/tjulian/hw/hw2/index.php:0
[19-Sep-2017 02:15:49 UTC] PHP Fatal error:  Call to undefined function game() in /home/ubuntu/workspace/tjulian/hw/hw2/index.php on line 17
[19-Sep-2017 02:15:49 UTC] PHP Stack trace:
[19-Sep-2017 02:15:49 UTC] PHP   1. {main}() /home/ubuntu/workspace/tjulian/hw/hw2/index.php:0
[19-Sep-2017 02:15:50 UTC] PHP Fatal error:  Call to undefined function game() in /home/ubuntu/workspace/tjulian/hw/hw2/index.php on line 17
[19-Sep-2017 02:15:50 UTC] PHP Stack trace:
[19-Sep-2017 02:15:50 UTC] PHP   1. {main}() /home/ubuntu/workspace/tjulian/hw/hw2/index.php:0
[19-Sep-2017 02:16:47 UTC] PHP Fatal error:  Call to undefined function game() in /home/ubuntu/workspace/tjulian/hw/hw2/index.php on line 17
[19-Sep-2017 02:16:47 UTC] PHP Stack trace:
[19-Sep-2017 02:16:47 UTC] PHP   1. {main}() /home/ubuntu/workspace/tjulian/hw/hw2/index.php:0
[19-Sep-2017 02:16:49 UTC] PHP Fatal error:  Call to undefined function game() in /home/ubuntu/workspace/tjulian/hw/hw2/index.php on line 17
[19-Sep-2017 02:16:49 UTC] PHP Stack trace:
[19-Sep-2017 02:16:49 UTC] PHP   1. {main}() /home/ubuntu/workspace/tjulian/hw/hw2/index.php:0
[19-Sep-2017 02:16:50 UTC] PHP Fatal error:  Call to undefined function game() in /home/ubuntu/workspace/tjulian/hw/hw2/index.php on line 17
[19-Sep-2017 02:16:50 UTC] PHP Stack trace:
[19-Sep-2017 02:16:50 UTC] PHP   1. {main}() /home/ubuntu/workspace/tjulian/hw/hw2/index.php:0
[19-Sep-2017 02:17:22 UTC] PHP Fatal error:  Call to undefined function game() in /home/ubuntu/workspace/tjulian/hw/hw2/index.php on line 17
[19-Sep-2017 02:17:22 UTC] PHP Stack trace:
[19-Sep-2017 02:17:22 UTC] PHP   1. {main}() /home/ubuntu/workspace/tjulian/hw/hw2/index.php:0
[19-Sep-2017 02:17:54 UTC] PHP Fatal error:  Call to undefined function game() in /home/ubuntu/workspace/tjulian/hw/hw2/index.php on line 17
[19-Sep-2017 02:17:54 UTC] PHP Stack trace:
[19-Sep-2017 02:17:54 UTC] PHP   1. {main}() /home/ubuntu/workspace/tjulian/hw/hw2/index.php:0
[19-Sep-2017 02:17:56 UTC] PHP Fatal error:  Call to undefined function game() in /home/ubuntu/workspace/tjulian/hw/hw2/index.php on line 17
[19-Sep-2017 02:17:56 UTC] PHP Stack trace:
[19-Sep-2017 02:17:56 UTC] PHP   1. {main}() /home/ubuntu/workspace/tjulian/hw/hw2/index.php:0
[19-Sep-2017 02:19:13 UTC] PHP Parse error:  syntax error, unexpected '<' in /home/ubuntu/workspace/tjulian/hw/hw2/functions.php on line 62
[19-Sep-2017 02:19:13 UTC] PHP Stack trace:
[19-Sep-2017 02:19:13 UTC] PHP   1. {main}() /home/ubuntu/workspace/tjulian/hw/hw2/index.php:0
[19-Sep-2017 02:19:23 UTC] PHP Parse error:  syntax error, unexpected '<' in /home/ubuntu/workspace/tjulian/hw/hw2/functions.php on line 62
[19-Sep-2017 02:19:23 UTC] PHP Stack trace:
[19-Sep-2017 02:19:23 UTC] PHP   1. {main}() /home/ubuntu/workspace/tjulian/hw/hw2/index.php:0
[19-Sep-2017 02:19:27 UTC] PHP Fatal error:  Call to undefined function game() in /home/ubuntu/workspace/tjulian/hw/hw2/index.php on line 17
[19-Sep-2017 02:19:27 UTC] PHP Stack trace:
[19-Sep-2017 02:19:27 UTC] PHP   1. {main}() /home/ubuntu/workspace/tjulian/hw/hw2/index.php:0
[19-Sep-2017 02:19:48 UTC] PHP Fatal error:  Call to undefined function game() in /home/ubuntu/workspace/tjulian/hw/hw2/index.php on line 17
[19-Sep-2017 02:19:48 UTC] PHP Stack trace:
[19-Sep-2017 02:19:48 UTC] PHP   1. {main}() /home/ubuntu/workspace/tjulian/hw/hw2/index.php:0
[19-Sep-2017 06:47:59 UTC] PHP Parse error:  syntax error, unexpected end of file in /home/ubuntu/workspace/tjulian/hw/hw2/functions.php on line 66
[19-Sep-2017 06:47:59 UTC] PHP Stack trace:
[19-Sep-2017 06:47:59 UTC] PHP   1. {main}() /home/ubuntu/workspace/tjulian/hw/hw2/index.php:0
[19-Sep-2017 08:39:14 UTC] PHP Parse error:  syntax error, unexpected end of file in /home/ubuntu/workspace/tjulian/hw/hw2/functions.php on line 68
[19-Sep-2017 08:39:14 UTC] PHP Stack trace:
[19-Sep-2017 08:39:14 UTC] PHP   1. {main}() /home/ubuntu/workspace/tjulian/hw/hw2/index.php:0
[19-Sep-2017 08:40:37 UTC] PHP Parse error:  syntax error, unexpected 'function' (T_FUNCTION) in /home/ubuntu/workspace/tjulian/hw/hw2/functions.php on line 44
[19-Sep-2017 08:40:37 UTC] PHP Stack trace:
[19-Sep-2017 08:40:37 UTC] PHP   1. {main}() /home/ubuntu/workspace/tjulian/hw/hw2/index.php:0
[19-Sep-2017 08:56:59 UTC] PHP Fatal error:  Call to undefined function displaySymbol() in /home/ubuntu/workspace/tjulian/hw/hw2/functions.php on line 48
[19-Sep-2017 08:56:59 UTC] PHP Stack trace:
[19-Sep-2017 08:56:59 UTC] PHP   1. {main}() /home/ubuntu/workspace/tjulian/hw/hw2/index.php:0
[19-Sep-2017 08:56:59 UTC] PHP   2. include() /home/ubuntu/workspace/tjulian/hw/hw2/index.php:3
[19-Sep-2017 09:06:59 UTC] PHP Parse error:  syntax error, unexpected '}' in /home/ubuntu/workspace/tjulian/hw/hw2/functions.php on line 41
[19-Sep-2017 09:06:59 UTC] PHP Stack trace:
[19-Sep-2017 09:06:59 UTC] PHP   1. {main}() /home/ubuntu/workspace/tjulian/hw/hw2/index.php:0
[19-Sep-2017 09:07:28 UTC] PHP Parse error:  syntax error, unexpected 'function' (T_FUNCTION) in /home/ubuntu/workspace/tjulian/hw/hw2/functions.php on line 41
[19-Sep-2017 09:07:28 UTC] PHP Stack trace:
[19-Sep-2017 09:07:28 UTC] PHP   1. {main}() /home/ubuntu/workspace/tjulian/hw/hw2/index.php:0
[19-Sep-2017 09:16:26 UTC] PHP Parse error:  syntax error, unexpected 'else' (T_ELSE) in /home/ubuntu/workspace/tjulian/hw/hw2/functions.php on line 49
[19-Sep-2017 09:16:26 UTC] PHP Stack trace:
[19-Sep-2017 09:16:26 UTC] PHP   1. {main}() /home/ubuntu/workspace/tjulian/hw/hw2/index.php:0
[19-Sep-2017 09:20:30 UTC] PHP Parse error:  syntax error, unexpected '}' in /home/ubuntu/workspace/tjulian/hw/hw2/functions.php on line 61
[19-Sep-2017 09:20:30 UTC] PHP Stack trace:
[19-Sep-2017 09:20:30 UTC] PHP   1. {main}() /home/ubuntu/workspace/tjulian/hw/hw2/index.php:0
[19-Sep-2017 09:23:59 UTC] PHP Fatal error:  Maximum function nesting level of '256' reached, aborting! in /home/ubuntu/workspace/tjulian/hw/hw2/functions.php on line 24
[19-Sep-2017 09:23:59 UTC] PHP Stack trace:
[19-Sep-2017 09:23:59 UTC] PHP   1. {main}() /home/ubuntu/workspace/tjulian/hw/hw2/index.php:0
[19-Sep-2017 09:23:59 UTC] PHP   2. include() /home/ubuntu/workspace/tjulian/hw/hw2/index.php:3
[19-Sep-2017 09:23:59 UTC] PHP   3. displayRPS() /home/ubuntu/workspace/tjulian/hw/hw2/functions.php:54
[19-Sep-2017 09:23:59 UTC] PHP   4. displayRPS() /home/ubuntu/workspace/tjulian/hw/hw2/functions.php:43
[19-Sep-2017 09:23:59 UTC] PHP   5. displayRPS() /home/ubuntu/workspace/tjulian/hw/hw2/functions.php:43
[19-Sep-2017 09:23:59 UTC] PHP   6. displayRPS() /home/ubuntu/workspace/tjulian/hw/hw2/functions.php:43
[19-Sep-2017 09:23:59 UTC] PHP   7. displayRPS() /home/ubuntu/workspace/tjulian/hw/hw2/functions.php:43
[19-Sep-2017 09:23:59 UTC] PHP   8. displayRPS() /home/ubuntu/workspace/tjulian/hw/hw2/functions.php:43
[19-Sep-2017 09:23:59 UTC] PHP   9. displayRPS() /home/ubuntu/workspace/tjulian/hw/hw2/functions.php:43
[19-Sep-2017 09:23:59 UTC] PHP  10. displayRPS() /home/ubuntu/workspace/tjulian/hw/hw2/functions.php:43
[19-Sep-2017 09:23:59 UTC] PHP  11. displayRPS() /home/ubuntu/workspace/tjulian/hw/hw2/functions.php:43
[19-Sep-2017 09:23:59 UTC] PHP  12. displayRPS() /home/ubuntu/workspace/tjulian/hw/hw2/functions.php:43
[19-Sep-2017 09:23:59 UTC] PHP  13. displayRPS() /home/ubuntu/workspace/tjulian/hw/hw2/functions.php:43
[19-Sep-2017 09:23:59 UTC] PHP  14. displayRPS() /home/ubuntu/workspace/tjulian/hw/hw2/functions.php:43
[19-Sep-2017 09:23:59 UTC] PHP  15. displayRPS() /home/ubuntu/workspace/tjulian/hw/hw2/functions.php:43
[19-Sep-2017 09:23:59 UTC] PHP  16. displayRPS() /home/ubuntu/workspace/tjulian/hw/hw2/functions.php:43
[19-Sep-2017 09:23:59 UTC] PHP  17. displayRPS() /home/ubuntu/workspace/tjulian/hw/hw2/functions.php:43
[19-Sep-2017 09:23:59 UTC] PHP  18. displayRPS() /home/ubuntu/workspace/tjulian/hw/hw2/functions.php:43
[19-Sep-2017 09:23:59 UTC] PHP  19. displayRPS() /home/ubuntu/workspace/tjulian/hw/hw2/functions.php:43
[19-Sep-2017 09:23:59 UTC] PHP  20. displayRPS() /home/ubuntu/workspace/tjulian/hw/hw2/functions.php:43
[19-Sep-2017 09:23:59 UTC] PHP  21. displayRPS() /home/ubuntu/workspace/tjulian/hw/hw2/functions.php:43
[19-Sep-2017 09:23:59 UTC] PHP  22. displayRPS() /home/ubuntu/workspace/tjulian/hw/hw2/functions.php:43
[19-Sep-2017 09:23:59 UTC] PHP  23. displayRPS() /home/ubuntu/workspace/tjulian/hw/hw2/functions.php:43
[19-Sep-2017 09:23:59 UTC] PHP  24. displayRPS() /home/ubuntu/workspace/tjulian/hw/hw2/functions.php:43
[19-Sep-2017 09:23:59 UTC] PHP  25. displayRPS() /home/ubuntu/workspace/tjulian/hw/hw2/functions.php:43
[19-Sep-2017 09:23:59 UTC] PHP  26. displayRPS() /home/ubuntu/workspace/tjulian/hw/hw2/functions.php:43
[19-Sep-2017 09:23:59 UTC] PHP  27. displayRPS() /home/ubuntu/workspace/tjulian/hw/hw2/functions.php:43
[19-Sep-2017 09:23:59 UTC] PHP  28. displayRPS() /home/ubuntu/workspace/tjulian/hw/hw2/functions.php:43
[19-Sep-2017 09:23:59 UTC] PHP  29. displayRPS() /home/ubuntu/workspace/tjulian/hw/hw2/functions.php:43
[19-Sep-2017 09:23:59 UTC] PHP  30. displayRPS() /home/ubuntu/workspace/tjulian/hw/hw2/functions.php:43
[19-Sep-2017 09:23:59 UTC] PHP  31. displayRPS() /home/ubuntu/workspace/tjulian/hw/hw2/functions.php:43
[19-Sep-2017 09:23:59 UTC] PHP  32. displayRPS() /home/ubuntu/workspace/tjulian/hw/hw2/functions.php:43
[19-Sep-2017 09:23:59 UTC] PHP  33. displayRPS() /home/ubuntu/workspace/tjulian/hw/hw2/functions.php:43
[19-Sep-2017 09:23:59 UTC] PHP  34. displayRPS() /home/ubuntu/workspace/tjulian/hw/hw2/functions.php:43
[19-Sep-2017 09:23:59 UTC] PHP  35. displayRPS() /home/ubuntu/workspace/tjulian/hw/hw2/functions.php:43
[19-Sep-2017 09:23:59 UTC] PHP  36. displayRPS() /home/ubuntu/workspace/tjulian/hw/hw2/functions.php:43
[19-Sep-2017 09:23:59 UTC] PHP  37. displayRPS() /home/ubuntu/workspace/tjulian/hw/hw2/functions.php:43
[19-Sep-2017 09:23:59 UTC] PHP  38. displayRPS() /home/ubuntu/workspace/tjulian/hw/hw2/functions.php:43
[19-Sep-2017 09:23:59 UTC] PHP  39. displayRPS() /home/ubuntu/workspace/tjulian/hw/hw2/functions.php:43
[19-Sep-2017 09:23:59 UTC] PHP  40. displayRPS() /home/ubuntu/workspace/tjulian/hw/hw2/functions.php:43
[19-Sep-2017 09:23:59 UTC] PHP  41. displayRPS() /home/ubuntu/workspace/tjulian/hw/hw2/functions.php:43
[19-Sep-2017 09:23:59 UTC] PHP  42. displayRPS() /home/ubuntu/workspace/tjulian/hw/hw2/functions.php:43
[19-Sep-2017 09:23:59 UTC] PHP  43. displayRPS() /home/ubuntu/workspace/tjulian/hw/hw2/functions.php:43
[19-Sep-2017 09:23:59 UTC] PHP  44. displayRPS() /home/ubuntu/workspace/tjulian/hw/hw2/functions.php:43
[19-Sep-2017 09:23:59 UTC] PHP  45. displayRPS() /home/ubuntu/workspace/tjulian/hw/hw2/functions.php:43
[19-Sep-2017 09:23:59 UTC] PHP  46. displayRPS() /home/ubuntu/workspace/tjulian/hw/hw2/functions.php:43
[19-Sep-2017 09:23:59 UTC] PHP  47. displayRPS() /home/ubuntu/workspace/tjulian/hw/hw2/functions.php:43
[19-Sep-2017 09:23:59 UTC] PHP  48. displayRPS() /home/ubuntu/workspace/tjulian/hw/hw2/functions.php:43
[19-Sep-2017 09:23:59 UTC] PHP  49. displayRPS() /home/ubuntu/workspace/tjulian/hw/hw2/functions.php:43
[19-Sep-2017 09:23:59 UTC] PHP  50. displayRPS() /home/ubuntu/workspace/tjulian/hw/hw2/functions.php:43
[19-Sep-2017 09:23:59 UTC] PHP  51. displayRPS() /home/ubuntu/workspace/tjulian/hw/hw2/functions.php:43
[19-Sep-2017 09:23:59 UTC] PHP  52. displayRPS() /home/ubuntu/workspace/tjulian/hw/hw2/functions.php:43
[19-Sep-2017 09:23:59 UTC] PHP  53. displayRPS() /home/ubuntu/workspace/tjulian/hw/hw2/functions.php:43
[19-Sep-2017 09:23:59 UTC] PHP  54. displayRPS() /home/ubuntu/workspace/tjulian/hw/hw2/functions.php:43
[19-Sep-2017 09:23:59 UTC] PHP  55. displayRPS() /home/ubuntu/workspace/tjulian/hw/hw2/functions.php:43
[19-Sep-2017 09:23:59 UTC] PHP  56. displayRPS() /home/ubuntu/workspace/tjulian/hw/hw2/functions.php:43
[19-Sep-2017 09:23:59 UTC] PHP  57. displayRPS() /home/ubuntu/workspace/tjulian/hw/hw2/functions.php:43
[19-Sep-2017 09:23:59 UTC] PHP  58. displayRPS() /home/ubuntu/workspace/tjulian/hw/hw2/functions.php:43
[19-Sep-2017 09:23:59 UTC] PHP  59. displayRPS() /home/ubuntu/workspace/tjulian/hw/hw2/functions.php:43
[19-Sep-2017 09:23:59 UTC] PHP  60. displayRPS() /home/ubuntu/workspace/tjulian/hw/hw2/functions.php:43
[19-Sep-2017 09:23:59 UTC] PHP  61. displayRPS() /home/ubuntu/workspace/tjulian/hw/hw2/functions.php:43
[19-Sep-2017 09:23:59 UTC] PHP  62. displayRPS() /home/ubuntu/workspace/tjulian/hw/hw2/functions.php:43
[19-Sep-2017 09:23:59 UTC] PHP  63. displayRPS() /home/ubuntu/workspace/tjulian/hw/hw2/functions.php:43
[19-Sep-2017 09:23:59 UTC] PHP  64. displayRPS() /home/ubuntu/workspace/tjulian/hw/hw2/functions.php:43
[19-Sep-2017 09:23:59 UTC] PHP  65. displayRPS() /home/ubuntu/workspace/tjulian/hw/hw2/functions.php:43
[19-Sep-2017 09:23:59 UTC] PHP  66. displayRPS() /home/ubuntu/workspace/tjulian/hw/hw2/functions.php:43
[19-Sep-2017 09:23:59 UTC] PHP  67. displayRPS() /home/ubuntu/workspace/tjulian/hw/hw2/functions.php:43
[19-Sep-2017 09:23:59 UTC] PHP  68. displayRPS() /home/ubuntu/workspace/tjulian/hw/hw2/functions.php:43
[19-Sep-2017 09:23:59 UTC] PHP  69. displayRPS() /home/ubuntu/workspace/tjulian/hw/hw2/functions.php:43
[19-Sep-2017 09:23:59 UTC] PHP  70. displayRPS() /home/ubuntu/workspace/tjulian/hw/hw2/functions.php:43
[19-Sep-2017 09:23:59 UTC] PHP  71. displayRPS() /home/ubuntu/workspace/tjulian/hw/hw2/functions.php:43
[19-Sep-2017 09:23:59 UTC] PHP  72. displayRPS() /home/ubuntu/workspace/tjulian/hw/hw2/functions.php:43
[19-Sep-2017 09:23:59 UTC] PHP  73. displayRPS() /home/ubuntu/workspace/tjulian/hw/hw2/functions.php:43
[19-Sep-2017 09:23:59 UTC] PHP  74. displayRPS() /home/ubuntu/workspace/tjulian/hw/hw2/functions.php:43
[19-Sep-2017 09:23:59 UTC] PHP  75. displayRPS() /home/ubuntu/workspace/tjulian/hw/hw2/functions.php:43
[19-Sep-2017 09:23:59 UTC] PHP  76. displayRPS() /home/ubuntu/workspace/tjulian/hw/hw2/functions.php:43
[19-Sep-2017 09:23:59 UTC] PHP  77. displayRPS() /home/ubuntu/workspace/tjulian/hw/hw2/functions.php:43
[19-Sep-2017 09:23:59 UTC] PHP  78. displayRPS() /home/ubuntu/workspace/tjulian/hw/hw2/functions.php:43
[19-Sep-2017 09:23:59 UTC] PHP  79. displayRPS() /home/ubuntu/workspace/tjulian/hw/hw2/functions.php:43
[19-Sep-2017 09:23:59 UTC] PHP  80. displayRPS() /home/ubuntu/workspace/tjulian/hw/hw2/functions.php:43
[19-Sep-2017 09:23:59 UTC] PHP  81. displayRPS() /home/ubuntu/workspace/tjulian/hw/hw2/functions.php:43
[19-Sep-2017 09:23:59 UTC] PHP  82. displayRPS() /home/ubuntu/workspace/tjulian/hw/hw2/functions.php:43
[19-Sep-2017 09:23:59 UTC] PHP  83. displayRPS() /home/ubuntu/workspace/tjulian/hw/hw2/functions.php:43
[19-Sep-2017 09:23:59 UTC] PHP  84. displayRPS() /home/ubuntu/workspace/tjulian/hw/hw2/functions.php:43
[19-Sep-2017 09:23:59 UTC] PHP  85. displayRPS() /home/ubuntu/workspace/tjulian/hw/hw2/functions.php:43
[19-Sep-2017 09:23:59 UTC] PHP  86. displayRPS() /home/ubuntu/workspace/tjulian/hw/hw2/functions.php:43
[19-Sep-2017 09:23:59 UTC] PHP  87. displayRPS() /home/ubuntu/workspace/tjulian/hw/hw2/functions.php:43
[19-Sep-2017 09:23:59 UTC] PHP  88. displayRPS() /home/ubuntu/workspace/tjulian/hw/hw2/functions.php:43
[19-Sep-2017 09:23:59 UTC] PHP  89. displayRPS() /home/ubuntu/workspace/tjulian/hw/hw2/functions.php:43
[19-Sep-2017 09:23:59 UTC] PHP  90. displayRPS() /home/ubuntu/workspace/tjulian/hw/hw2/functions.php:43
[19-Sep-2017 09:23:59 UTC] PHP  91. displayRPS() /home/ubuntu/workspace/tjulian/hw/hw2/functions.php:43
[19-Sep-2017 09:23:59 UTC] PHP  92. displayRPS() /home/ubuntu/workspace/tjulian/hw/hw2/functions.php:43
[19-Sep-2017 09:23:59 UTC] PHP  93. displayRPS() /home/ubuntu/workspace/tjulian/hw/hw2/functions.php:43
[19-Sep-2017 09:23:59 UTC] PHP  94. displayRPS() /home/ubuntu/workspace/tjulian/hw/hw2/functions.php:43
[19-Sep-2017 09:23:59 UTC] PHP  95. displayRPS() /home/ubuntu/workspace/tjulian/hw/hw2/functions.php:43
[19-Sep-2017 09:23:59 UTC] PHP  96. displayRPS() /home/ubuntu/workspace/tjulian/hw/hw2/functions.php:43
[19-Sep-2017 09:23:59 UTC] PHP  97. displayRPS() /home/ubuntu/workspace/tjulian/hw/hw2/functions.php:43
[19-Sep-2017 09:23:59 UTC] PHP  98. displayRPS() /home/ubuntu/workspace/tjulian/hw/hw2/functions.php:43
[19-Sep-2017 09:23:59 UTC] PHP  99. displayRPS() /home/ubuntu/workspace/tjulian/hw/hw2/functions.php:43
[19-Sep-2017 09:23:59 UTC] PHP 100. displayRPS() /home/ubuntu/workspace/tjulian/hw/hw2/functions.php:43
[19-Sep-2017 09:23:59 UTC] PHP 101. displayRPS() /home/ubuntu/workspace/tjulian/hw/hw2/functions.php:43
[19-Sep-2017 09:23:59 UTC] PHP 102. displayRPS() /home/ubuntu/workspace/tjulian/hw/hw2/functions.php:43
[19-Sep-2017 09:23:59 UTC] PHP 103. displayRPS() /home/ubuntu/workspace/tjulian/hw/hw2/functions.php:43
[19-Sep-2017 09:23:59 UTC] PHP 104. displayRPS() /home/ubuntu/workspace/tjulian/hw/hw2/functions.php:43
[19-Sep-2017 09:23:59 UTC] PHP 105. displayRPS() /home/ubuntu/workspace/tjulian/hw/hw2/functions.php:43
[19-Sep-2017 09:23:59 UTC] PHP 106. displayRPS() /home/ubuntu/workspace/tjulian/hw/hw2/functions.php:43
[19-Sep-2017 09:23:59 UTC] PHP 107. displayRPS() /home/ubuntu/workspace/tjulian/hw/hw2/functions.php:43
[19-Sep-2017 09:23:59 UTC] PHP 108. displayRPS() /home/ubuntu/workspace/tjulian/hw/hw2/functions.php:43
[19-Sep-2017 09:23:59 UTC] PHP 109. displayRPS() /home/ubuntu/workspace/tjulian/hw/hw2/functions.php:43
[19-Sep-2017 09:23:59 UTC] PHP 110. displayRPS() /home/ubuntu/workspace/tjulian/hw/hw2/functions.php:43
[19-Sep-2017 09:23:59 UTC] PHP 111. displayRPS() /home/ubuntu/workspace/tjulian/hw/hw2/functions.php:43
[19-Sep-2017 09:23:59 UTC] PHP 112. displayRPS() /home/ubuntu/workspace/tjulian/hw/hw2/functions.php:43
[19-Sep-2017 09:23:59 UTC] PHP 113. displayRPS() /home/ubuntu/workspace/tjulian/hw/hw2/functions.php:43
[19-Sep-2017 09:23:59 UTC] PHP 114. displayRPS() /home/ubuntu/workspace/tjulian/hw/hw2/functions.php:43
[19-Sep-2017 09:23:59 UTC] PHP 115. displayRPS() /home/ubuntu/workspace/tjulian/hw/hw2/functions.php:43
[19-Sep-2017 09:23:59 UTC] PHP 116. displayRPS() /home/ubuntu/workspace/tjulian/hw/hw2/functions.php:43
[19-Sep-2017 09:23:59 UTC] PHP 117. displayRPS() /home/ubuntu/workspace/tjulian/hw/hw2/functions.php:43
[19-Sep-2017 09:23:59 UTC] PHP 118. displayRPS() /home/ubuntu/workspace/tjulian/hw/hw2/functions.php:43
[19-Sep-2017 09:23:59 UTC] PHP 119. displayRPS() /home/ubuntu/workspace/tjulian/hw/hw2/functions.php:43
[19-Sep-2017 09:23:59 UTC] PHP 120. displayRPS() /home/ubuntu/workspace/tjulian/hw/hw2/functions.php:43
[19-Sep-2017 09:23:59 UTC] PHP 121. displayRPS() /home/ubuntu/workspace/tjulian/hw/hw2/functions.php:43
[19-Sep-2017 09:23:59 UTC] PHP 122. displayRPS() /home/ubuntu/workspace/tjulian/hw/hw2/functions.php:43
[19-Sep-2017 09:23:59 UTC] PHP 123. displayRPS() /home/ubuntu/workspace/tjulian/hw/hw2/functions.php:43
[19-Sep-2017 09:23:59 UTC] PHP 124. displayRPS() /home/ubuntu/workspace/tjulian/hw/hw2/functions.php:43
[19-Sep-2017 09:23:59 UTC] PHP 125. displayRPS() /home/ubuntu/workspace/tjulian/hw/hw2/functions.php:43
[19-Sep-2017 09:23:59 UTC] PHP 126. displayRPS() /home/ubuntu/workspace/tjulian/hw/hw2/functions.php:43
[19-Sep-2017 09:23:59 UTC] PHP 127. displayRPS() /home/ubuntu/workspace/tjulian/hw/hw2/functions.php:43
[19-Sep-2017 09:23:59 UTC] PHP 128. displayRPS() /home/ubuntu/workspace/tjulian/hw/hw2/functions.php:43
[19-Sep-2017 09:23:59 UTC] PHP 129. displayRPS() /home/ubuntu/workspace/tjulian/hw/hw2/functions.php:43
[19-Sep-2017 09:23:59 UTC] PHP 130. displayRPS() /home/ubuntu/workspace/tjulian/hw/hw2/functions.php:43
[19-Sep-2017 09:23:59 UTC] PHP 131. displayRPS() /home/ubuntu/workspace/tjulian/hw/hw2/functions.php:43
[19-Sep-2017 09:23:59 UTC] PHP 132. displayRPS() /home/ubuntu/workspace/tjulian/hw/hw2/functions.php:43
[19-Sep-2017 09:23:59 UTC] PHP 133. displayRPS() /home/ubuntu/workspace/tjulian/hw/hw2/functions.php:43
[19-Sep-2017 09:23:59 UTC] PHP 134. displayRPS() /home/ubuntu/workspace/tjulian/hw/hw2/functions.php:43
[19-Sep-2017 09:23:59 UTC] PHP 135. displayRPS() /home/ubuntu/workspace/tjulian/hw/hw2/functions.php:43
[19-Sep-2017 09:23:59 UTC] PHP 136. displayRPS() /home/ubuntu/workspace/tjulian/hw/hw2/functions.php:43
[19-Sep-2017 09:23:59 UTC] PHP 137. displayRPS() /home/ubuntu/workspace/tjulian/hw/hw2/functions.php:43
[19-Sep-2017 09:23:59 UTC] PHP 138. displayRPS() /home/ubuntu/workspace/tjulian/hw/hw2/functions.php:43
[19-Sep-2017 09:23:59 UTC] PHP 139. displayRPS() /home/ubuntu/workspace/tjulian/hw/hw2/functions.php:43
[19-Sep-2017 09:23:59 UTC] PHP 140. displayRPS() /home/ubuntu/workspace/tjulian/hw/hw2/functions.php:43
[19-Sep-2017 09:23:59 UTC] PHP 141. displayRPS() /home/ubuntu/workspace/tjulian/hw/hw2/functions.php:43
[19-Sep-2017 09:23:59 UTC] PHP 142. displayRPS() /home/ubuntu/workspace/tjulian/hw/hw2/functions.php:43
[19-Sep-2017 09:23:59 UTC] PHP 143. displayRPS() /home/ubuntu/workspace/tjulian/hw/hw2/functions.php:43
[19-Sep-2017 09:23:59 UTC] PHP 144. displayRPS() /home/ubuntu/workspace/tjulian/hw/hw2/functions.php:43
[19-Sep-2017 09:23:59 UTC] PHP 145. displayRPS() /home/ubuntu/workspace/tjulian/hw/hw2/functions.php:43
[19-Sep-2017 09:23:59 UTC] PHP 146. displayRPS() /home/ubuntu/workspace/tjulian/hw/hw2/functions.php:43
[19-Sep-2017 09:23:59 UTC] PHP 147. displayRPS() /home/ubuntu/workspace/tjulian/hw/hw2/functions.php:43
[19-Sep-2017 09:23:59 UTC] PHP 148. displayRPS() /home/ubuntu/workspace/tjulian/hw/hw2/functions.php:43
[19-Sep-2017 09:23:59 UTC] PHP 149. displayRPS() /home/ubuntu/workspace/tjulian/hw/hw2/functions.php:43
[19-Sep-2017 09:23:59 UTC] PHP 150. displayRPS() /home/ubuntu/workspace/tjulian/hw/hw2/functions.php:43
[19-Sep-2017 09:23:59 UTC] PHP 151. displayRPS() /home/ubuntu/workspace/tjulian/hw/hw2/functions.php:43
[19-Sep-2017 09:23:59 UTC] PHP 152. displayRPS() /home/ubuntu/workspace/tjulian/hw/hw2/functions.php:43
[19-Sep-2017 09:23:59 UTC] PHP 153. displayRPS() /home/ubuntu/workspace/tjulian/hw/hw2/functions.php:43
[19-Sep-2017 09:23:59 UTC] PHP 154. displayRPS() /home/ubuntu/workspace/tjulian/hw/hw2/functions.php:43
[19-Sep-2017 09:23:59 UTC] PHP 155. displayRPS() /home/ubuntu/workspace/tjulian/hw/hw2/functions.php:43
[19-Sep-2017 09:23:59 UTC] PHP 156. displayRPS() /home/ubuntu/workspace/tjulian/hw/hw2/functions.php:43
[19-Sep-2017 09:23:59 UTC] PHP 157. displayRPS() /home/ubuntu/workspace/tjulian/hw/hw2/functions.php:43
[19-Sep-2017 09:23:59 UTC] PHP 158. displayRPS() /home/ubuntu/workspace/tjulian/hw/hw2/functions.php:43
[19-Sep-2017 09:23:59 UTC] PHP 159. displayRPS() /home/ubuntu/workspace/tjulian/hw/hw2/functions.php:43
[19-Sep-2017 09:23:59 UTC] PHP 160. displayRPS() /home/ubuntu/workspace/tjulian/hw/hw2/functions.php:43
[19-Sep-2017 09:23:59 UTC] PHP 161. displayRPS() /home/ubuntu/workspace/tjulian/hw/hw2/functions.php:43
[19-Sep-2017 09:23:59 UTC] PHP 162. displayRPS() /home/ubuntu/workspace/tjulian/hw/hw2/functions.php:43
[19-Sep-2017 09:23:59 UTC] PHP 163. displayRPS() /home/ubuntu/workspace/tjulian/hw/hw2/functions.php:43
[19-Sep-2017 09:23:59 UTC] PHP 164. displayRPS() /home/ubuntu/workspace/tjulian/hw/hw2/functions.php:43
[19-Sep-2017 09:23:59 UTC] PHP 165. displayRPS() /home/ubuntu/workspace/tjulian/hw/hw2/functions.php:43
[19-Sep-2017 09:23:59 UTC] PHP 166. displayRPS() /home/ubuntu/workspace/tjulian/hw/hw2/functions.php:43
[19-Sep-2017 09:23:59 UTC] PHP 167. displayRPS() /home/ubuntu/workspace/tjulian/hw/hw2/functions.php:43
[19-Sep-2017 09:23:59 UTC] PHP 168. displayRPS() /home/ubuntu/workspace/tjulian/hw/hw2/functions.php:43
[19-Sep-2017 09:23:59 UTC] PHP 169. displayRPS() /home/ubuntu/workspace/tjulian/hw/hw2/functions.php:43
[19-Sep-2017 09:23:59 UTC] PHP 170. displayRPS() /home/ubuntu/workspace/tjulian/hw/hw2/functions.php:43
[19-Sep-2017 09:23:59 UTC] PHP 171. displayRPS() /home/ubuntu/workspace/tjulian/hw/hw2/functions.php:43
[19-Sep-2017 09:23:59 UTC] PHP 172. displayRPS() /home/ubuntu/workspace/tjulian/hw/hw2/functions.php:43
[19-Sep-2017 09:23:59 UTC] PHP 173. displayRPS() /home/ubuntu/workspace/tjulian/hw/hw2/functions.php:43
[19-Sep-2017 09:23:59 UTC] PHP 174. displayRPS() /home/ubuntu/workspace/tjulian/hw/hw2/functions.php:43
[19-Sep-2017 09:23:59 UTC] PHP 175. displayRPS() /home/ubuntu/workspace/tjulian/hw/hw2/functions.php:43
[19-Sep-2017 09:23:59 UTC] PHP 176. displayRPS() /home/ubuntu/workspace/tjulian/hw/hw2/functions.php:43
[19-Sep-2017 09:23:59 UTC] PHP 177. displayRPS() /home/ubuntu/workspace/tjulian/hw/hw2/functions.php:43
[19-Sep-2017 09:23:59 UTC] PHP 178. displayRPS() /home/ubuntu/workspace/tjulian/hw/hw2/functions.php:43
[19-Sep-2017 09:23:59 UTC] PHP 179. displayRPS() /home/ubuntu/workspace/tjulian/hw/hw2/functions.php:43
[19-Sep-2017 09:23:59 UTC] PHP 180. displayRPS() /home/ubuntu/workspace/tjulian/hw/hw2/functions.php:43
[19-Sep-2017 09:23:59 UTC] PHP 181. displayRPS() /home/ubuntu/workspace/tjulian/hw/hw2/functions.php:43
[19-Sep-2017 09:23:59 UTC] PHP 182. displayRPS() /home/ubuntu/workspace/tjulian/hw/hw2/functions.php:43
[19-Sep-2017 09:23:59 UTC] PHP 183. displayRPS() /home/ubuntu/workspace/tjulian/hw/hw2/functions.php:43
[19-Sep-2017 09:23:59 UTC] PHP 184. displayRPS() /home/ubuntu/workspace/tjulian/hw/hw2/functions.php:43
[19-Sep-2017 09:23:59 UTC] PHP 185. displayRPS() /home/ubuntu/workspace/tjulian/hw/hw2/functions.php:43
[19-Sep-2017 09:23:59 UTC] PHP 186. displayRPS() /home/ubuntu/workspace/tjulian/hw/hw2/functions.php:43
[19-Sep-2017 09:23:59 UTC] PHP 187. displayRPS() /home/ubuntu/workspace/tjulian/hw/hw2/functions.php:43
[19-Sep-2017 09:23:59 UTC] PHP 188. displayRPS() /home/ubuntu/workspace/tjulian/hw/hw2/functions.php:43
[19-Sep-2017 09:23:59 UTC] PHP 189. displayRPS() /home/ubuntu/workspace/tjulian/hw/hw2/functions.php:43
[19-Sep-2017 09:23:59 UTC] PHP 190. displayRPS() /home/ubuntu/workspace/tjulian/hw/hw2/functions.php:43
[19-Sep-2017 09:23:59 UTC] PHP 191. displayRPS() /home/ubuntu/workspace/tjulian/hw/hw2/functions.php:43
[19-Sep-2017 09:23:59 UTC] PHP 192. displayRPS() /home/ubuntu/workspace/tjulian/hw/hw2/functions.php:43
[19-Sep-2017 09:23:59 UTC] PHP 193. displayRPS() /home/ubuntu/workspace/tjulian/hw/hw2/functions.php:43
[19-Sep-2017 09:23:59 UTC] PHP 194. displayRPS() /home/ubuntu/workspace/tjulian/hw/hw2/functions.php:43
[19-Sep-2017 09:23:59 UTC] PHP 195. displayRPS() /home/ubuntu/workspace/tjulian/hw/hw2/functions.php:43
[19-Sep-2017 09:23:59 UTC] PHP 196. displayRPS() /home/ubuntu/workspace/tjulian/hw/hw2/functions.php:43
[19-Sep-2017 09:23:59 UTC] PHP 197. displayRPS() /home/ubuntu/workspace/tjulian/hw/hw2/functions.php:43
[19-Sep-2017 09:23:59 UTC] PHP 198. displayRPS() /home/ubuntu/workspace/tjulian/hw/hw2/functions.php:43
[19-Sep-2017 09:23:59 UTC] PHP 199. displayRPS() /home/ubuntu/workspace/tjulian/hw/hw2/functions.php:43
[19-Sep-2017 09:23:59 UTC] PHP 200. displayRPS() /home/ubuntu/workspace/tjulian/hw/hw2/functions.php:43
[19-Sep-2017 09:23:59 UTC] PHP 201. displayRPS() /home/ubuntu/workspace/tjulian/hw/hw2/functions.php:43
[19-Sep-2017 09:23:59 UTC] PHP 202. displayRPS() /home/ubuntu/workspace/tjulian/hw/hw2/functions.php:43
[19-Sep-2017 09:23:59 UTC] PHP 203. displayRPS() /home/ubuntu/workspace/tjulian/hw/hw2/functions.php:43
[19-Sep-2017 09:23:59 UTC] PHP 204. displayRPS() /home/ubuntu/workspace/tjulian/hw/hw2/functions.php:43
[19-Sep-2017 09:23:59 UTC] PHP 205. displayRPS() /home/ubuntu/workspace/tjulian/hw/hw2/functions.php:43
[19-Sep-2017 09:23:59 UTC] PHP 206. displayRPS() /home/ubuntu/workspace/tjulian/hw/hw2/functions.php:43
[19-Sep-2017 09:23:59 UTC] PHP 207. displayRPS() /home/ubuntu/workspace/tjulian/hw/hw2/functions.php:43
[19-Sep-2017 09:23:59 UTC] PHP 208. displayRPS() /home/ubuntu/workspace/tjulian/hw/hw2/functions.php:43
[19-Sep-2017 09:23:59 UTC] PHP 209. displayRPS() /home/ubuntu/workspace/tjulian/hw/hw2/functions.php:43
[19-Sep-2017 09:23:59 UTC] PHP 210. displayRPS() /home/ubuntu/workspace/tjulian/hw/hw2/functions.php:43
[19-Sep-2017 09:23:59 UTC] PHP 211. displayRPS() /home/ubuntu/workspace/tjulian/hw/hw2/functions.php:43
[19-Sep-2017 09:23:59 UTC] PHP 212. displayRPS() /home/ubuntu/workspace/tjulian/hw/hw2/functions.php:43
[19-Sep-2017 09:23:59 UTC] PHP 213. displayRPS() /home/ubuntu/workspace/tjulian/hw/hw2/functions.php:43
[19-Sep-2017 09:23:59 UTC] PHP 214. displayRPS() /home/ubuntu/workspace/tjulian/hw/hw2/functions.php:43
[19-Sep-2017 09:23:59 UTC] PHP 215. displayRPS() /home/ubuntu/workspace/tjulian/hw/hw2/functions.php:43
[19-Sep-2017 09:23:59 UTC] PHP 216. displayRPS() /home/ubuntu/workspace/tjulian/hw/hw2/functions.php:43
[19-Sep-2017 09:23:59 UTC] PHP 217. displayRPS() /home/ubuntu/workspace/tjulian/hw/hw2/functions.php:43
[19-Sep-2017 09:23:59 UTC] PHP 218. displayRPS() /home/ubuntu/workspace/tjulian/hw/hw2/functions.php:43
[19-Sep-2017 09:23:59 UTC] PHP 219. displayRPS() /home/ubuntu/workspace/tjulian/hw/hw2/functions.php:43
[19-Sep-2017 09:23:59 UTC] PHP 220. displayRPS() /home/ubuntu/workspace/tjulian/hw/hw2/functions.php:43
[19-Sep-2017 09:23:59 UTC] PHP 221. displayRPS() /home/ubuntu/workspace/tjulian/hw/hw2/functions.php:43
[19-Sep-2017 09:23:59 UTC] PHP 222. displayRPS() /home/ubuntu/workspace/tjulian/hw/hw2/functions.php:43
[19-Sep-2017 09:23:59 UTC] PHP 223. displayRPS() /home/ubuntu/workspace/tjulian/hw/hw2/functions.php:43
[19-Sep-2017 09:23:59 UTC] PHP 224. displayRPS() /home/ubuntu/workspace/tjulian/hw/hw2/functions.php:43
[19-Sep-2017 09:23:59 UTC] PHP 225. displayRPS() /home/ubuntu/workspace/tjulian/hw/hw2/functions.php:43
[19-Sep-2017 09:23:59 UTC] PHP 226. displayRPS() /home/ubuntu/workspace/tjulian/hw/hw2/functions.php:43
[19-Sep-2017 09:23:59 UTC] PHP 227. displayRPS() /home/ubuntu/workspace/tjulian/hw/hw2/functions.php:43
[19-Sep-2017 09:23:59 UTC] PHP 228. displayRPS() /home/ubuntu/workspace/tjulian/hw/hw2/functions.php:43
[19-Sep-2017 09:23:59 UTC] PHP 229. displayRPS() /home/ubuntu/workspace/tjulian/hw/hw2/functions.php:43
[19-Sep-2017 09:23:59 UTC] PHP 230. displayRPS() /home/ubuntu/workspace/tjulian/hw/hw2/functions.php:43
[19-Sep-2017 09:23:59 UTC] PHP 231. displayRPS() /home/ubuntu/workspace/tjulian/hw/hw2/functions.php:43
[19-Sep-2017 09:23:59 UTC] PHP 232. displayRPS() /home/ubuntu/workspace/tjulian/hw/hw2/functions.php:43
[19-Sep-2017 09:23:59 UTC] PHP 233. displayRPS() /home/ubuntu/workspace/tjulian/hw/hw2/functions.php:43
[19-Sep-2017 09:23:59 UTC] PHP 234. displayRPS() /home/ubuntu/workspace/tjulian/hw/hw2/functions.php:43
[19-Sep-2017 09:23:59 UTC] PHP 235. displayRPS() /home/ubuntu/workspace/tjulian/hw/hw2/functions.php:43
[19-Sep-2017 09:23:59 UTC] PHP 236. displayRPS() /home/ubuntu/workspace/tjulian/hw/hw2/functions.php:43
[19-Sep-2017 09:23:59 UTC] PHP 237. displayRPS() /home/ubuntu/workspace/tjulian/hw/hw2/functions.php:43
[19-Sep-2017 09:23:59 UTC] PHP 238. displayRPS() /home/ubuntu/workspace/tjulian/hw/hw2/functions.php:43
[19-Sep-2017 09:23:59 UTC] PHP 239. displayRPS() /home/ubuntu/workspace/tjulian/hw/hw2/functions.php:43
[19-Sep-2017 09:23:59 UTC] PHP 240. displayRPS() /home/ubuntu/workspace/tjulian/hw/hw2/functions.php:43
[19-Sep-2017 09:23:59 UTC] PHP 241. displayRPS() /home/ubuntu/workspace/tjulian/hw/hw2/functions.php:43
[19-Sep-2017 09:23:59 UTC] PHP 242. displayRPS() /home/ubuntu/workspace/tjulian/hw/hw2/functions.php:43
[19-Sep-2017 09:23:59 UTC] PHP 243. displayRPS() /home/ubuntu/workspace/tjulian/hw/hw2/functions.php:43
[19-Sep-2017 09:23:59 UTC] PHP 244. displayRPS() /home/ubuntu/workspace/tjulian/hw/hw2/functions.php:43
[19-Sep-2017 09:23:59 UTC] PHP 245. displayRPS() /home/ubuntu/workspace/tjulian/hw/hw2/functions.php:43
[19-Sep-2017 09:23:59 UTC] PHP 246. displayRPS() /home/ubuntu/workspace/tjulian/hw/hw2/functions.php:43
[19-Sep-2017 09:23:59 UTC] PHP 247. displayRPS() /home/ubuntu/workspace/tjulian/hw/hw2/functions.php:43
[19-Sep-2017 09:23:59 UTC] PHP 248. displayRPS() /home/ubuntu/workspace/tjulian/hw/hw2/functions.php:43
[19-Sep-2017 09:23:59 UTC] PHP 249. displayRPS() /home/ubuntu/workspace/tjulian/hw/hw2/functions.php:43
[19-Sep-2017 09:23:59 UTC] PHP 250. displayRPS() /home/ubuntu/workspace/tjulian/hw/hw2/functions.php:43
[19-Sep-2017 09:23:59 UTC] PHP 251. displayRPS() /home/ubuntu/workspace/tjulian/hw/hw2/functions.php:43
[19-Sep-2017 09:23:59 UTC] PHP 252. displayRPS() /home/ubuntu/workspace/tjulian/hw/hw2/functions.php:43
[19-Sep-2017 09:23:59 UTC] PHP 253. displayRPS() /home/ubuntu/workspace/tjulian/hw/hw2/functions.php:43
[19-Sep-2017 09:23:59 UTC] PHP 254. displayRPS() /home/ubuntu/workspace/tjulian/hw/hw2/functions.php:43
[19-Sep-2017 09:23:59 UTC] PHP 255. displayRPS() /home/ubuntu/workspace/tjulian/hw/hw2/functions.php:43
[19-Sep-2017 09:23:59 UTC] PHP 256. displayRPS() /home/ubuntu/workspace/tjulian/hw/hw2/functions.php:43
[19-Sep-2017 09:24:01 UTC] PHP Fatal error:  Maximum function nesting level of '256' reached, aborting! in /home/ubuntu/workspace/tjulian/hw/hw2/functions.php on line 24
[19-Sep-2017 09:24:01 UTC] PHP Stack trace:
[19-Sep-2017 09:24:01 UTC] PHP   1. {main}() /home/ubuntu/workspace/tjulian/hw/hw2/index.php:0
[19-Sep-2017 09:24:01 UTC] PHP   2. include() /home/ubuntu/workspace/tjulian/hw/hw2/index.php:3
[19-Sep-2017 09:24:01 UTC] PHP   3. displayRPS() /home/ubuntu/workspace/tjulian/hw/hw2/functions.php:54
[19-Sep-2017 09:24:01 UTC] PHP   4. displayRPS() /home/ubuntu/workspace/tjulian/hw/hw2/functions.php:43
[19-Sep-2017 09:24:01 UTC] PHP   5. displayRPS() /home/ubuntu/workspace/tjulian/hw/hw2/functions.php:43
[19-Sep-2017 09:24:01 UTC] PHP   6. displayRPS() /home/ubuntu/workspace/tjulian/hw/hw2/functions.php:43
[19-Sep-2017 09:24:01 UTC] PHP   7. displayRPS() /home/ubuntu/workspace/tjulian/hw/hw2/functions.php:43
[19-Sep-2017 09:24:01 UTC] PHP   8. displayRPS() /home/ubuntu/workspace/tjulian/hw/hw2/functions.php:43
[19-Sep-2017 09:24:01 UTC] PHP   9. displayRPS() /home/ubuntu/workspace/tjulian/hw/hw2/functions.php:43
[19-Sep-2017 09:24:01 UTC] PHP  10. displayRPS() /home/ubuntu/workspace/tjulian/hw/hw2/functions.php:43
[19-Sep-2017 09:24:01 UTC] PHP  11. displayRPS() /home/ubuntu/workspace/tjulian/hw/hw2/functions.php:43
[19-Sep-2017 09:24:01 UTC] PHP  12. displayRPS() /home/ubuntu/workspace/tjulian/hw/hw2/functions.php:43
[19-Sep-2017 09:24:01 UTC] PHP  13. displayRPS() /home/ubuntu/workspace/tjulian/hw/hw2/functions.php:43
[19-Sep-2017 09:24:01 UTC] PHP  14. displayRPS() /home/ubuntu/workspace/tjulian/hw/hw2/functions.php:43
[19-Sep-2017 09:24:01 UTC] PHP  15. displayRPS() /home/ubuntu/workspace/tjulian/hw/hw2/functions.php:43
[19-Sep-2017 09:24:01 UTC] PHP  16. displayRPS() /home/ubuntu/workspace/tjulian/hw/hw2/functions.php:43
[19-Sep-2017 09:24:01 UTC] PHP  17. displayRPS() /home/ubuntu/workspace/tjulian/hw/hw2/functions.php:43
[19-Sep-2017 09:24:01 UTC] PHP  18. displayRPS() /home/ubuntu/workspace/tjulian/hw/hw2/functions.php:43
[19-Sep-2017 09:24:01 UTC] PHP  19. displayRPS() /home/ubuntu/workspace/tjulian/hw/hw2/functions.php:43
[19-Sep-2017 09:24:01 UTC] PHP  20. displayRPS() /home/ubuntu/workspace/tjulian/hw/hw2/functions.php:43
[19-Sep-2017 09:24:01 UTC] PHP  21. displayRPS() /home/ubuntu/workspace/tjulian/hw/hw2/functions.php:43
[19-Sep-2017 09:24:01 UTC] PHP  22. displayRPS() /home/ubuntu/workspace/tjulian/hw/hw2/functions.php:43
[19-Sep-2017 09:24:01 UTC] PHP  23. displayRPS() /home/ubuntu/workspace/tjulian/hw/hw2/functions.php:43
[19-Sep-2017 09:24:01 UTC] PHP  24. displayRPS() /home/ubuntu/workspace/tjulian/hw/hw2/functions.php:43
[19-Sep-2017 09:24:01 UTC] PHP  25. displayRPS() /home/ubuntu/workspace/tjulian/hw/hw2/functions.php:43
[19-Sep-2017 09:24:01 UTC] PHP  26. displayRPS() /home/ubuntu/workspace/tjulian/hw/hw2/functions.php:43
[19-Sep-2017 09:24:01 UTC] PHP  27. displayRPS() /home/ubuntu/workspace/tjulian/hw/hw2/functions.php:43
[19-Sep-2017 09:24:01 UTC] PHP  28. displayRPS() /home/ubuntu/workspace/tjulian/hw/hw2/functions.php:43
[19-Sep-2017 09:24:01 UTC] PHP  29. displayRPS() /home/ubuntu/workspace/tjulian/hw/hw2/functions.php:43
[19-Sep-2017 09:24:01 UTC] PHP  30. displayRPS() /home/ubuntu/workspace/tjulian/hw/hw2/functions.php:43
[19-Sep-2017 09:24:01 UTC] PHP  31. displayRPS() /home/ubuntu/workspace/tjulian/hw/hw2/functions.php:43
[19-Sep-2017 09:24:01 UTC] PHP  32. displayRPS() /home/ubuntu/workspace/tjulian/hw/hw2/functions.php:43
[19-Sep-2017 09:24:01 UTC] PHP  33. displayRPS() /home/ubuntu/workspace/tjulian/hw/hw2/functions.php:43
[19-Sep-2017 09:24:01 UTC] PHP  34. displayRPS() /home/ubuntu/workspace/tjulian/hw/hw2/functions.php:43
[19-Sep-2017 09:24:01 UTC] PHP  35. displayRPS() /home/ubuntu/workspace/tjulian/hw/hw2/functions.php:43
[19-Sep-2017 09:24:01 UTC] PHP  36. displayRPS() /home/ubuntu/workspace/tjulian/hw/hw2/functions.php:43
[19-Sep-2017 09:24:01 UTC] PHP  37. displayRPS() /home/ubuntu/workspace/tjulian/hw/hw2/functions.php:43
[19-Sep-2017 09:24:01 UTC] PHP  38. displayRPS() /home/ubuntu/workspace/tjulian/hw/hw2/functions.php:43
[19-Sep-2017 09:24:01 UTC] PHP  39. displayRPS() /home/ubuntu/workspace/tjulian/hw/hw2/functions.php:43
[19-Sep-2017 09:24:01 UTC] PHP  40. displayRPS() /home/ubuntu/workspace/tjulian/hw/hw2/functions.php:43
[19-Sep-2017 09:24:01 UTC] PHP  41. displayRPS() /home/ubuntu/workspace/tjulian/hw/hw2/functions.php:43
[19-Sep-2017 09:24:01 UTC] PHP  42. displayRPS() /home/ubuntu/workspace/tjulian/hw/hw2/functions.php:43
[19-Sep-2017 09:24:01 UTC] PHP  43. displayRPS() /home/ubuntu/workspace/tjulian/hw/hw2/functions.php:43
[19-Sep-2017 09:24:01 UTC] PHP  44. displayRPS() /home/ubuntu/workspace/tjulian/hw/hw2/functions.php:43
[19-Sep-2017 09:24:01 UTC] PHP  45. displayRPS() /home/ubuntu/workspace/tjulian/hw/hw2/functions.php:43
[19-Sep-2017 09:24:01 UTC] PHP  46. displayRPS() /home/ubuntu/workspace/tjulian/hw/hw2/functions.php:43
[19-Sep-2017 09:24:01 UTC] PHP  47. displayRPS() /home/ubuntu/workspace/tjulian/hw/hw2/functions.php:43
[19-Sep-2017 09:24:01 UTC] PHP  48. displayRPS() /home/ubuntu/workspace/tjulian/hw/hw2/functions.php:43
[19-Sep-2017 09:24:01 UTC] PHP  49. displayRPS() /home/ubuntu/workspace/tjulian/hw/hw2/functions.php:43
[19-Sep-2017 09:24:01 UTC] PHP  50. displayRPS() /home/ubuntu/workspace/tjulian/hw/hw2/functions.php:43
[19-Sep-2017 09:24:01 UTC] PHP  51. displayRPS() /home/ubuntu/workspace/tjulian/hw/hw2/functions.php:43
[19-Sep-2017 09:24:01 UTC] PHP  52. displayRPS() /home/ubuntu/workspace/tjulian/hw/hw2/functions.php:43
[19-Sep-2017 09:24:01 UTC] PHP  53. displayRPS() /home/ubuntu/workspace/tjulian/hw/hw2/functions.php:43
[19-Sep-2017 09:24:01 UTC] PHP  54. displayRPS() /home/ubuntu/workspace/tjulian/hw/hw2/functions.php:43
[19-Sep-2017 09:24:01 UTC] PHP  55. displayRPS() /home/ubuntu/workspace/tjulian/hw/hw2/functions.php:43
[19-Sep-2017 09:24:01 UTC] PHP  56. displayRPS() /home/ubuntu/workspace/tjulian/hw/hw2/functions.php:43
[19-Sep-2017 09:24:01 UTC] PHP  57. displayRPS() /home/ubuntu/workspace/tjulian/hw/hw2/functions.php:43
[19-Sep-2017 09:24:01 UTC] PHP  58. displayRPS() /home/ubuntu/workspace/tjulian/hw/hw2/functions.php:43
[19-Sep-2017 09:24:01 UTC] PHP  59. displayRPS() /home/ubuntu/workspace/tjulian/hw/hw2/functions.php:43
[19-Sep-2017 09:24:01 UTC] PHP  60. displayRPS() /home/ubuntu/workspace/tjulian/hw/hw2/functions.php:43
[19-Sep-2017 09:24:01 UTC] PHP  61. displayRPS() /home/ubuntu/workspace/tjulian/hw/hw2/functions.php:43
[19-Sep-2017 09:24:01 UTC] PHP  62. displayRPS() /home/ubuntu/workspace/tjulian/hw/hw2/functions.php:43
[19-Sep-2017 09:24:01 UTC] PHP  63. displayRPS() /home/ubuntu/workspace/tjulian/hw/hw2/functions.php:43
[19-Sep-2017 09:24:01 UTC] PHP  64. displayRPS() /home/ubuntu/workspace/tjulian/hw/hw2/functions.php:43
[19-Sep-2017 09:24:01 UTC] PHP  65. displayRPS() /home/ubuntu/workspace/tjulian/hw/hw2/functions.php:43
[19-Sep-2017 09:24:01 UTC] PHP  66. displayRPS() /home/ubuntu/workspace/tjulian/hw/hw2/functions.php:43
[19-Sep-2017 09:24:01 UTC] PHP  67. displayRPS() /home/ubuntu/workspace/tjulian/hw/hw2/functions.php:43
[19-Sep-2017 09:24:01 UTC] PHP  68. displayRPS() /home/ubuntu/workspace/tjulian/hw/hw2/functions.php:43
[19-Sep-2017 09:24:01 UTC] PHP  69. displayRPS() /home/ubuntu/workspace/tjulian/hw/hw2/functions.php:43
[19-Sep-2017 09:24:01 UTC] PHP  70. displayRPS() /home/ubuntu/workspace/tjulian/hw/hw2/functions.php:43
[19-Sep-2017 09:24:01 UTC] PHP  71. displayRPS() /home/ubuntu/workspace/tjulian/hw/hw2/functions.php:43
[19-Sep-2017 09:24:01 UTC] PHP  72. displayRPS() /home/ubuntu/workspace/tjulian/hw/hw2/functions.php:43
[19-Sep-2017 09:24:01 UTC] PHP  73. displayRPS() /home/ubuntu/workspace/tjulian/hw/hw2/functions.php:43
[19-Sep-2017 09:24:01 UTC] PHP  74. displayRPS() /home/ubuntu/workspace/tjulian/hw/hw2/functions.php:43
[19-Sep-2017 09:24:01 UTC] PHP  75. displayRPS() /home/ubuntu/workspace/tjulian/hw/hw2/functions.php:43
[19-Sep-2017 09:24:01 UTC] PHP  76. displayRPS() /home/ubuntu/workspace/tjulian/hw/hw2/functions.php:43
[19-Sep-2017 09:24:01 UTC] PHP  77. displayRPS() /home/ubuntu/workspace/tjulian/hw/hw2/functions.php:43
[19-Sep-2017 09:24:01 UTC] PHP  78. displayRPS() /home/ubuntu/workspace/tjulian/hw/hw2/functions.php:43
[19-Sep-2017 09:24:01 UTC] PHP  79. displayRPS() /home/ubuntu/workspace/tjulian/hw/hw2/functions.php:43
[19-Sep-2017 09:24:01 UTC] PHP  80. displayRPS() /home/ubuntu/workspace/tjulian/hw/hw2/functions.php:43
[19-Sep-2017 09:24:01 UTC] PHP  81. displayRPS() /home/ubuntu/workspace/tjulian/hw/hw2/functions.php:43
[19-Sep-2017 09:24:01 UTC] PHP  82. displayRPS() /home/ubuntu/workspace/tjulian/hw/hw2/functions.php:43
[19-Sep-2017 09:24:01 UTC] PHP  83. displayRPS() /home/ubuntu/workspace/tjulian/hw/hw2/functions.php:43
[19-Sep-2017 09:24:01 UTC] PHP  84. displayRPS() /home/ubuntu/workspace/tjulian/hw/hw2/functions.php:43
[19-Sep-2017 09:24:01 UTC] PHP  85. displayRPS() /home/ubuntu/workspace/tjulian/hw/hw2/functions.php:43
[19-Sep-2017 09:24:01 UTC] PHP  86. displayRPS() /home/ubuntu/workspace/tjulian/hw/hw2/functions.php:43
[19-Sep-2017 09:24:01 UTC] PHP  87. displayRPS() /home/ubuntu/workspace/tjulian/hw/hw2/functions.php:43
[19-Sep-2017 09:24:01 UTC] PHP  88. displayRPS() /home/ubuntu/workspace/tjulian/hw/hw2/functions.php:43
[19-Sep-2017 09:24:01 UTC] PHP  89. displayRPS() /home/ubuntu/workspace/tjulian/hw/hw2/functions.php:43
[19-Sep-2017 09:24:01 UTC] PHP  90. displayRPS() /home/ubuntu/workspace/tjulian/hw/hw2/functions.php:43
[19-Sep-2017 09:24:01 UTC] PHP  91. displayRPS() /home/ubuntu/workspace/tjulian/hw/hw2/functions.php:43
[19-Sep-2017 09:24:01 UTC] PHP  92. displayRPS() /home/ubuntu/workspace/tjulian/hw/hw2/functions.php:43
[19-Sep-2017 09:24:01 UTC] PHP  93. displayRPS() /home/ubuntu/workspace/tjulian/hw/hw2/functions.php:43
[19-Sep-2017 09:24:01 UTC] PHP  94. displayRPS() /home/ubuntu/workspace/tjulian/hw/hw2/functions.php:43
[19-Sep-2017 09:24:01 UTC] PHP  95. displayRPS() /home/ubuntu/workspace/tjulian/hw/hw2/functions.php:43
[19-Sep-2017 09:24:01 UTC] PHP  96. displayRPS() /home/ubuntu/workspace/tjulian/hw/hw2/functions.php:43
[19-Sep-2017 09:24:01 UTC] PHP  97. displayRPS() /home/ubuntu/workspace/tjulian/hw/hw2/functions.php:43
[19-Sep-2017 09:24:01 UTC] PHP  98. displayRPS() /home/ubuntu/workspace/tjulian/hw/hw2/functions.php:43
[19-Sep-2017 09:24:01 UTC] PHP  99. displayRPS() /home/ubuntu/workspace/tjulian/hw/hw2/functions.php:43
[19-Sep-2017 09:24:01 UTC] PHP 100. displayRPS() /home/ubuntu/workspace/tjulian/hw/hw2/functions.php:43
[19-Sep-2017 09:24:01 UTC] PHP 101. displayRPS() /home/ubuntu/workspace/tjulian/hw/hw2/functions.php:43
[19-Sep-2017 09:24:01 UTC] PHP 102. displayRPS() /home/ubuntu/workspace/tjulian/hw/hw2/functions.php:43
[19-Sep-2017 09:24:01 UTC] PHP 103. displayRPS() /home/ubuntu/workspace/tjulian/hw/hw2/functions.php:43
[19-Sep-2017 09:24:01 UTC] PHP 104. displayRPS() /home/ubuntu/workspace/tjulian/hw/hw2/functions.php:43
[19-Sep-2017 09:24:01 UTC] PHP 105. displayRPS() /home/ubuntu/workspace/tjulian/hw/hw2/functions.php:43
[19-Sep-2017 09:24:01 UTC] PHP 106. displayRPS() /home/ubuntu/workspace/tjulian/hw/hw2/functions.php:43
[19-Sep-2017 09:24:01 UTC] PHP 107. displayRPS() /home/ubuntu/workspace/tjulian/hw/hw2/functions.php:43
[19-Sep-2017 09:24:01 UTC] PHP 108. displayRPS() /home/ubuntu/workspace/tjulian/hw/hw2/functions.php:43
[19-Sep-2017 09:24:01 UTC] PHP 109. displayRPS() /home/ubuntu/workspace/tjulian/hw/hw2/functions.php:43
[19-Sep-2017 09:24:01 UTC] PHP 110. displayRPS() /home/ubuntu/workspace/tjulian/hw/hw2/functions.php:43
[19-Sep-2017 09:24:01 UTC] PHP 111. displayRPS() /home/ubuntu/workspace/tjulian/hw/hw2/functions.php:43
[19-Sep-2017 09:24:01 UTC] PHP 112. displayRPS() /home/ubuntu/workspace/tjulian/hw/hw2/functions.php:43
[19-Sep-2017 09:24:01 UTC] PHP 113. displayRPS() /home/ubuntu/workspace/tjulian/hw/hw2/functions.php:43
[19-Sep-2017 09:24:01 UTC] PHP 114. displayRPS() /home/ubuntu/workspace/tjulian/hw/hw2/functions.php:43
[19-Sep-2017 09:24:01 UTC] PHP 115. displayRPS() /home/ubuntu/workspace/tjulian/hw/hw2/functions.php:43
[19-Sep-2017 09:24:01 UTC] PHP 116. displayRPS() /home/ubuntu/workspace/tjulian/hw/hw2/functions.php:43
[19-Sep-2017 09:24:01 UTC] PHP 117. displayRPS() /home/ubuntu/workspace/tjulian/hw/hw2/functions.php:43
[19-Sep-2017 09:24:01 UTC] PHP 118. displayRPS() /home/ubuntu/workspace/tjulian/hw/hw2/functions.php:43
[19-Sep-2017 09:24:01 UTC] PHP 119. displayRPS() /home/ubuntu/workspace/tjulian/hw/hw2/functions.php:43
[19-Sep-2017 09:24:01 UTC] PHP 120. displayRPS() /home/ubuntu/workspace/tjulian/hw/hw2/functions.php:43
[19-Sep-2017 09:24:01 UTC] PHP 121. displayRPS() /home/ubuntu/workspace/tjulian/hw/hw2/functions.php:43
[19-Sep-2017 09:24:01 UTC] PHP 122. displayRPS() /home/ubuntu/workspace/tjulian/hw/hw2/functions.php:43
[19-Sep-2017 09:24:01 UTC] PHP 123. displayRPS() /home/ubuntu/workspace/tjulian/hw/hw2/functions.php:43
[19-Sep-2017 09:24:01 UTC] PHP 124. displayRPS() /home/ubuntu/workspace/tjulian/hw/hw2/functions.php:43
[19-Sep-2017 09:24:01 UTC] PHP 125. displayRPS() /home/ubuntu/workspace/tjulian/hw/hw2/functions.php:43
[19-Sep-2017 09:24:01 UTC] PHP 126. displayRPS() /home/ubuntu/workspace/tjulian/hw/hw2/functions.php:43
[19-Sep-2017 09:24:01 UTC] PHP 127. displayRPS() /home/ubuntu/workspace/tjulian/hw/hw2/functions.php:43
[19-Sep-2017 09:24:01 UTC] PHP 128. displayRPS() /home/ubuntu/workspace/tjulian/hw/hw2/functions.php:43
[19-Sep-2017 09:24:01 UTC] PHP 129. displayRPS() /home/ubuntu/workspace/tjulian/hw/hw2/functions.php:43
[19-Sep-2017 09:24:01 UTC] PHP 130. displayRPS() /home/ubuntu/workspace/tjulian/hw/hw2/functions.php:43
[19-Sep-2017 09:24:01 UTC] PHP 131. displayRPS() /home/ubuntu/workspace/tjulian/hw/hw2/functions.php:43
[19-Sep-2017 09:24:01 UTC] PHP 132. displayRPS() /home/ubuntu/workspace/tjulian/hw/hw2/functions.php:43
[19-Sep-2017 09:24:01 UTC] PHP 133. displayRPS() /home/ubuntu/workspace/tjulian/hw/hw2/functions.php:43
[19-Sep-2017 09:24:01 UTC] PHP 134. displayRPS() /home/ubuntu/workspace/tjulian/hw/hw2/functions.php:43
[19-Sep-2017 09:24:01 UTC] PHP 135. displayRPS() /home/ubuntu/workspace/tjulian/hw/hw2/functions.php:43
[19-Sep-2017 09:24:01 UTC] PHP 136. displayRPS() /home/ubuntu/workspace/tjulian/hw/hw2/functions.php:43
[19-Sep-2017 09:24:01 UTC] PHP 137. displayRPS() /home/ubuntu/workspace/tjulian/hw/hw2/functions.php:43
[19-Sep-2017 09:24:01 UTC] PHP 138. displayRPS() /home/ubuntu/workspace/tjulian/hw/hw2/functions.php:43
[19-Sep-2017 09:24:01 UTC] PHP 139. displayRPS() /home/ubuntu/workspace/tjulian/hw/hw2/functions.php:43
[19-Sep-2017 09:24:01 UTC] PHP 140. displayRPS() /home/ubuntu/workspace/tjulian/hw/hw2/functions.php:43
[19-Sep-2017 09:24:01 UTC] PHP 141. displayRPS() /home/ubuntu/workspace/tjulian/hw/hw2/functions.php:43
[19-Sep-2017 09:24:01 UTC] PHP 142. displayRPS() /home/ubuntu/workspace/tjulian/hw/hw2/functions.php:43
[19-Sep-2017 09:24:01 UTC] PHP 143. displayRPS() /home/ubuntu/workspace/tjulian/hw/hw2/functions.php:43
[19-Sep-2017 09:24:01 UTC] PHP 144. displayRPS() /home/ubuntu/workspace/tjulian/hw/hw2/functions.php:43
[19-Sep-2017 09:24:01 UTC] PHP 145. displayRPS() /home/ubuntu/workspace/tjulian/hw/hw2/functions.php:43
[19-Sep-2017 09:24:01 UTC] PHP 146. displayRPS() /home/ubuntu/workspace/tjulian/hw/hw2/functions.php:43
[19-Sep-2017 09:24:01 UTC] PHP 147. displayRPS() /home/ubuntu/workspace/tjulian/hw/hw2/functions.php:43
[19-Sep-2017 09:24:01 UTC] PHP 148. displayRPS() /home/ubuntu/workspace/tjulian/hw/hw2/functions.php:43
[19-Sep-2017 09:24:01 UTC] PHP 149. displayRPS() /home/ubuntu/workspace/tjulian/hw/hw2/functions.php:43
[19-Sep-2017 09:24:01 UTC] PHP 150. displayRPS() /home/ubuntu/workspace/tjulian/hw/hw2/functions.php:43
[19-Sep-2017 09:24:01 UTC] PHP 151. displayRPS() /home/ubuntu/workspace/tjulian/hw/hw2/functions.php:43
[19-Sep-2017 09:24:01 UTC] PHP 152. displayRPS() /home/ubuntu/workspace/tjulian/hw/hw2/functions.php:43
[19-Sep-2017 09:24:01 UTC] PHP 153. displayRPS() /home/ubuntu/workspace/tjulian/hw/hw2/functions.php:43
[19-Sep-2017 09:24:01 UTC] PHP 154. displayRPS() /home/ubuntu/workspace/tjulian/hw/hw2/functions.php:43
[19-Sep-2017 09:24:01 UTC] PHP 155. displayRPS() /home/ubuntu/workspace/tjulian/hw/hw2/functions.php:43
[19-Sep-2017 09:24:01 UTC] PHP 156. displayRPS() /home/ubuntu/workspace/tjulian/hw/hw2/functions.php:43
[19-Sep-2017 09:24:01 UTC] PHP 157. displayRPS() /home/ubuntu/workspace/tjulian/hw/hw2/functions.php:43
[19-Sep-2017 09:24:01 UTC] PHP 158. displayRPS() /home/ubuntu/workspace/tjulian/hw/hw2/functions.php:43
[19-Sep-2017 09:24:01 UTC] PHP 159. displayRPS() /home/ubuntu/workspace/tjulian/hw/hw2/functions.php:43
[19-Sep-2017 09:24:01 UTC] PHP 160. displayRPS() /home/ubuntu/workspace/tjulian/hw/hw2/functions.php:43
[19-Sep-2017 09:24:01 UTC] PHP 161. displayRPS() /home/ubuntu/workspace/tjulian/hw/hw2/functions.php:43
[19-Sep-2017 09:24:01 UTC] PHP 162. displayRPS() /home/ubuntu/workspace/tjulian/hw/hw2/functions.php:43
[19-Sep-2017 09:24:01 UTC] PHP 163. displayRPS() /home/ubuntu/workspace/tjulian/hw/hw2/functions.php:43
[19-Sep-2017 09:24:01 UTC] PHP 164. displayRPS() /home/ubuntu/workspace/tjulian/hw/hw2/functions.php:43
[19-Sep-2017 09:24:01 UTC] PHP 165. displayRPS() /home/ubuntu/workspace/tjulian/hw/hw2/functions.php:43
[19-Sep-2017 09:24:01 UTC] PHP 166. displayRPS() /home/ubuntu/workspace/tjulian/hw/hw2/functions.php:43
[19-Sep-2017 09:24:01 UTC] PHP 167. displayRPS() /home/ubuntu/workspace/tjulian/hw/hw2/functions.php:43
[19-Sep-2017 09:24:01 UTC] PHP 168. displayRPS() /home/ubuntu/workspace/tjulian/hw/hw2/functions.php:43
[19-Sep-2017 09:24:01 UTC] PHP 169. displayRPS() /home/ubuntu/workspace/tjulian/hw/hw2/functions.php:43
[19-Sep-2017 09:24:01 UTC] PHP 170. displayRPS() /home/ubuntu/workspace/tjulian/hw/hw2/functions.php:43
[19-Sep-2017 09:24:01 UTC] PHP 171. displayRPS() /home/ubuntu/workspace/tjulian/hw/hw2/functions.php:43
[19-Sep-2017 09:24:01 UTC] PHP 172. displayRPS() /home/ubuntu/workspace/tjulian/hw/hw2/functions.php:43
[19-Sep-2017 09:24:01 UTC] PHP 173. displayRPS() /home/ubuntu/workspace/tjulian/hw/hw2/functions.php:43
[19-Sep-2017 09:24:01 UTC] PHP 174. displayRPS() /home/ubuntu/workspace/tjulian/hw/hw2/functions.php:43
[19-Sep-2017 09:24:01 UTC] PHP 175. displayRPS() /home/ubuntu/workspace/tjulian/hw/hw2/functions.php:43
[19-Sep-2017 09:24:01 UTC] PHP 176. displayRPS() /home/ubuntu/workspace/tjulian/hw/hw2/functions.php:43
[19-Sep-2017 09:24:01 UTC] PHP 177. displayRPS() /home/ubuntu/workspace/tjulian/hw/hw2/functions.php:43
[19-Sep-2017 09:24:01 UTC] PHP 178. displayRPS() /home/ubuntu/workspace/tjulian/hw/hw2/functions.php:43
[19-Sep-2017 09:24:01 UTC] PHP 179. displayRPS() /home/ubuntu/workspace/tjulian/hw/hw2/functions.php:43
[19-Sep-2017 09:24:01 UTC] PHP 180. displayRPS() /home/ubuntu/workspace/tjulian/hw/hw2/functions.php:43
[19-Sep-2017 09:24:01 UTC] PHP 181. displayRPS() /home/ubuntu/workspace/tjulian/hw/hw2/functions.php:43
[19-Sep-2017 09:24:01 UTC] PHP 182. displayRPS() /home/ubuntu/workspace/tjulian/hw/hw2/functions.php:43
[19-Sep-2017 09:24:01 UTC] PHP 183. displayRPS() /home/ubuntu/workspace/tjulian/hw/hw2/functions.php:43
[19-Sep-2017 09:24:01 UTC] PHP 184. displayRPS() /home/ubuntu/workspace/tjulian/hw/hw2/functions.php:43
[19-Sep-2017 09:24:01 UTC] PHP 185. displayRPS() /home/ubuntu/workspace/tjulian/hw/hw2/functions.php:43
[19-Sep-2017 09:24:01 UTC] PHP 186. displayRPS() /home/ubuntu/workspace/tjulian/hw/hw2/functions.php:43
[19-Sep-2017 09:24:01 UTC] PHP 187. displayRPS() /home/ubuntu/workspace/tjulian/hw/hw2/functions.php:43
[19-Sep-2017 09:24:01 UTC] PHP 188. displayRPS() /home/ubuntu/workspace/tjulian/hw/hw2/functions.php:43
[19-Sep-2017 09:24:01 UTC] PHP 189. displayRPS() /home/ubuntu/workspace/tjulian/hw/hw2/functions.php:43
[19-Sep-2017 09:24:01 UTC] PHP 190. displayRPS() /home/ubuntu/workspace/tjulian/hw/hw2/functions.php:43
[19-Sep-2017 09:24:01 UTC] PHP 191. displayRPS() /home/ubuntu/workspace/tjulian/hw/hw2/functions.php:43
[19-Sep-2017 09:24:01 UTC] PHP 192. displayRPS() /home/ubuntu/workspace/tjulian/hw/hw2/functions.php:43
[19-Sep-2017 09:24:01 UTC] PHP 193. displayRPS() /home/ubuntu/workspace/tjulian/hw/hw2/functions.php:43
[19-Sep-2017 09:24:01 UTC] PHP 194. displayRPS() /home/ubuntu/workspace/tjulian/hw/hw2/functions.php:43
[19-Sep-2017 09:24:01 UTC] PHP 195. displayRPS() /home/ubuntu/workspace/tjulian/hw/hw2/functions.php:43
[19-Sep-2017 09:24:01 UTC] PHP 196. displayRPS() /home/ubuntu/workspace/tjulian/hw/hw2/functions.php:43
[19-Sep-2017 09:24:01 UTC] PHP 197. displayRPS() /home/ubuntu/workspace/tjulian/hw/hw2/functions.php:43
[19-Sep-2017 09:24:01 UTC] PHP 198. displayRPS() /home/ubuntu/workspace/tjulian/hw/hw2/functions.php:43
[19-Sep-2017 09:24:01 UTC] PHP 199. displayRPS() /home/ubuntu/workspace/tjulian/hw/hw2/functions.php:43
[19-Sep-2017 09:24:01 UTC] PHP 200. displayRPS() /home/ubuntu/workspace/tjulian/hw/hw2/functions.php:43
[19-Sep-2017 09:24:01 UTC] PHP 201. displayRPS() /home/ubuntu/workspace/tjulian/hw/hw2/functions.php:43
[19-Sep-2017 09:24:01 UTC] PHP 202. displayRPS() /home/ubuntu/workspace/tjulian/hw/hw2/functions.php:43
[19-Sep-2017 09:24:01 UTC] PHP 203. displayRPS() /home/ubuntu/workspace/tjulian/hw/hw2/functions.php:43
[19-Sep-2017 09:24:01 UTC] PHP 204. displayRPS() /home/ubuntu/workspace/tjulian/hw/hw2/functions.php:43
[19-Sep-2017 09:24:01 UTC] PHP 205. displayRPS() /home/ubuntu/workspace/tjulian/hw/hw2/functions.php:43
[19-Sep-2017 09:24:01 UTC] PHP 206. displayRPS() /home/ubuntu/workspace/tjulian/hw/hw2/functions.php:43
[19-Sep-2017 09:24:01 UTC] PHP 207. displayRPS() /home/ubuntu/workspace/tjulian/hw/hw2/functions.php:43
[19-Sep-2017 09:24:01 UTC] PHP 208. displayRPS() /home/ubuntu/workspace/tjulian/hw/hw2/functions.php:43
[19-Sep-2017 09:24:01 UTC] PHP 209. displayRPS() /home/ubuntu/workspace/tjulian/hw/hw2/functions.php:43
[19-Sep-2017 09:24:01 UTC] PHP 210. displayRPS() /home/ubuntu/workspace/tjulian/hw/hw2/functions.php:43
[19-Sep-2017 09:24:01 UTC] PHP 211. displayRPS() /home/ubuntu/workspace/tjulian/hw/hw2/functions.php:43
[19-Sep-2017 09:24:01 UTC] PHP 212. displayRPS() /home/ubuntu/workspace/tjulian/hw/hw2/functions.php:43
[19-Sep-2017 09:24:01 UTC] PHP 213. displayRPS() /home/ubuntu/workspace/tjulian/hw/hw2/functions.php:43
[19-Sep-2017 09:24:01 UTC] PHP 214. displayRPS() /home/ubuntu/workspace/tjulian/hw/hw2/functions.php:43
[19-Sep-2017 09:24:01 UTC] PHP 215. displayRPS() /home/ubuntu/workspace/tjulian/hw/hw2/functions.php:43
[19-Sep-2017 09:24:01 UTC] PHP 216. displayRPS() /home/ubuntu/workspace/tjulian/hw/hw2/functions.php:43
[19-Sep-2017 09:24:01 UTC] PHP 217. displayRPS() /home/ubuntu/workspace/tjulian/hw/hw2/functions.php:43
[19-Sep-2017 09:24:01 UTC] PHP 218. displayRPS() /home/ubuntu/workspace/tjulian/hw/hw2/functions.php:43
[19-Sep-2017 09:24:01 UTC] PHP 219. displayRPS() /home/ubuntu/workspace/tjulian/hw/hw2/functions.php:43
[19-Sep-2017 09:24:01 UTC] PHP 220. displayRPS() /home/ubuntu/workspace/tjulian/hw/hw2/functions.php:43
[19-Sep-2017 09:24:01 UTC] PHP 221. displayRPS() /home/ubuntu/workspace/tjulian/hw/hw2/functions.php:43
[19-Sep-2017 09:24:01 UTC] PHP 222. displayRPS() /home/ubuntu/workspace/tjulian/hw/hw2/functions.php:43
[19-Sep-2017 09:24:01 UTC] PHP 223. displayRPS() /home/ubuntu/workspace/tjulian/hw/hw2/functions.php:43
[19-Sep-2017 09:24:01 UTC] PHP 224. displayRPS() /home/ubuntu/workspace/tjulian/hw/hw2/functions.php:43
[19-Sep-2017 09:24:01 UTC] PHP 225. displayRPS() /home/ubuntu/workspace/tjulian/hw/hw2/functions.php:43
[19-Sep-2017 09:24:01 UTC] PHP 226. displayRPS() /home/ubuntu/workspace/tjulian/hw/hw2/functions.php:43
[19-Sep-2017 09:24:01 UTC] PHP 227. displayRPS() /home/ubuntu/workspace/tjulian/hw/hw2/functions.php:43
[19-Sep-2017 09:24:01 UTC] PHP 228. displayRPS() /home/ubuntu/workspace/tjulian/hw/hw2/functions.php:43
[19-Sep-2017 09:24:01 UTC] PHP 229. displayRPS() /home/ubuntu/workspace/tjulian/hw/hw2/functions.php:43
[19-Sep-2017 09:24:01 UTC] PHP 230. displayRPS() /home/ubuntu/workspace/tjulian/hw/hw2/functions.php:43
[19-Sep-2017 09:24:01 UTC] PHP 231. displayRPS() /home/ubuntu/workspace/tjulian/hw/hw2/functions.php:43
[19-Sep-2017 09:24:01 UTC] PHP 232. displayRPS() /home/ubuntu/workspace/tjulian/hw/hw2/functions.php:43
[19-Sep-2017 09:24:01 UTC] PHP 233. displayRPS() /home/ubuntu/workspace/tjulian/hw/hw2/functions.php:43
[19-Sep-2017 09:24:01 UTC] PHP 234. displayRPS() /home/ubuntu/workspace/tjulian/hw/hw2/functions.php:43
[19-Sep-2017 09:24:01 UTC] PHP 235. displayRPS() /home/ubuntu/workspace/tjulian/hw/hw2/functions.php:43
[19-Sep-2017 09:24:01 UTC] PHP 236. displayRPS() /home/ubuntu/workspace/tjulian/hw/hw2/functions.php:43
[19-Sep-2017 09:24:01 UTC] PHP 237. displayRPS() /home/ubuntu/workspace/tjulian/hw/hw2/functions.php:43
[19-Sep-2017 09:24:01 UTC] PHP 238. displayRPS() /home/ubuntu/workspace/tjulian/hw/hw2/functions.php:43
[19-Sep-2017 09:24:01 UTC] PHP 239. displayRPS() /home/ubuntu/workspace/tjulian/hw/hw2/functions.php:43
[19-Sep-2017 09:24:01 UTC] PHP 240. displayRPS() /home/ubuntu/workspace/tjulian/hw/hw2/functions.php:43
[19-Sep-2017 09:24:01 UTC] PHP 241. displayRPS() /home/ubuntu/workspace/tjulian/hw/hw2/functions.php:43
[19-Sep-2017 09:24:01 UTC] PHP 242. displayRPS() /home/ubuntu/workspace/tjulian/hw/hw2/functions.php:43
[19-Sep-2017 09:24:01 UTC] PHP 243. displayRPS() /home/ubuntu/workspace/tjulian/hw/hw2/functions.php:43
[19-Sep-2017 09:24:01 UTC] PHP 244. displayRPS() /home/ubuntu/workspace/tjulian/hw/hw2/functions.php:43
[19-Sep-2017 09:24:01 UTC] PHP 245. displayRPS() /home/ubuntu/workspace/tjulian/hw/hw2/functions.php:43
[19-Sep-2017 09:24:01 UTC] PHP 246. displayRPS() /home/ubuntu/workspace/tjulian/hw/hw2/functions.php:43
[19-Sep-2017 09:24:01 UTC] PHP 247. displayRPS() /home/ubuntu/workspace/tjulian/hw/hw2/functions.php:43
[19-Sep-2017 09:24:01 UTC] PHP 248. displayRPS() /home/ubuntu/workspace/tjulian/hw/hw2/functions.php:43
[19-Sep-2017 09:24:01 UTC] PHP 249. displayRPS() /home/ubuntu/workspace/tjulian/hw/hw2/functions.php:43
[19-Sep-2017 09:24:01 UTC] PHP 250. displayRPS() /home/ubuntu/workspace/tjulian/hw/hw2/functions.php:43
[19-Sep-2017 09:24:01 UTC] PHP 251. displayRPS() /home/ubuntu/workspace/tjulian/hw/hw2/functions.php:43
[19-Sep-2017 09:24:01 UTC] PHP 252. displayRPS() /home/ubuntu/workspace/tjulian/hw/hw2/functions.php:43
[19-Sep-2017 09:24:01 UTC] PHP 253. displayRPS() /home/ubuntu/workspace/tjulian/hw/hw2/functions.php:43
[19-Sep-2017 09:24:01 UTC] PHP 254. displayRPS() /home/ubuntu/workspace/tjulian/hw/hw2/functions.php:43
[19-Sep-2017 09:24:01 UTC] PHP 255. displayRPS() /home/ubuntu/workspace/tjulian/hw/hw2/functions.php:43
[19-Sep-2017 09:24:01 UTC] PHP 256. displayRPS() /home/ubuntu/workspace/tjulian/hw/hw2/functions.php:43
[19-Sep-2017 09:41:18 UTC] PHP Parse error:  syntax error, unexpected end of file in /home/ubuntu/workspace/tjulian/hw/hw2/functions.php on line 62
[19-Sep-2017 09:41:18 UTC] PHP Stack trace:
[19-Sep-2017 09:41:18 UTC] PHP   1. {main}() /home/ubuntu/workspace/tjulian/hw/hw2/index.php:0
[19-Sep-2017 09:47:10 UTC] PHP Parse error:  syntax error, unexpected end of file in /home/ubuntu/workspace/tjulian/hw/hw2/functions.php on line 59
[19-Sep-2017 09:47:10 UTC] PHP Stack trace:
[19-Sep-2017 09:47:10 UTC] PHP   1. {main}() /home/ubuntu/workspace/tjulian/hw/hw2/index.php:0
[19-Sep-2017 09:47:12 UTC] PHP Parse error:  syntax error, unexpected end of file in /home/ubuntu/workspace/tjulian/hw/hw2/functions.php on line 59
[19-Sep-2017 09:47:12 UTC] PHP Stack trace:
[19-Sep-2017 09:47:12 UTC] PHP   1. {main}() /home/ubuntu/workspace/tjulian/hw/hw2/index.php:0
[19-Sep-2017 10:05:38 UTC] PHP Parse error:  syntax error, unexpected 'public' (T_PUBLIC) in /home/ubuntu/workspace/tjulian/hw/hw2/functions.php on line 53
[19-Sep-2017 10:05:38 UTC] PHP Stack trace:
[19-Sep-2017 10:05:38 UTC] PHP   1. {main}() /home/ubuntu/workspace/tjulian/hw/hw2/index.php:0
[19-Sep-2017 10:05:40 UTC] PHP Parse error:  syntax error, unexpected 'public' (T_PUBLIC) in /home/ubuntu/workspace/tjulian/hw/hw2/functions.php on line 53
[19-Sep-2017 10:05:40 UTC] PHP Stack trace:
[19-Sep-2017 10:05:40 UTC] PHP   1. {main}() /home/ubuntu/workspace/tjulian/hw/hw2/index.php:0
[19-Sep-2017 10:21:41 UTC] PHP Parse error:  syntax error, unexpected 'games' (T_STRING) in /home/ubuntu/workspace/tjulian/hw/hw2/index.php on line 52
[19-Sep-2017 10:22:13 UTC] PHP Warning:  Division by zero in /home/ubuntu/workspace/tjulian/hw/hw2/index.php on line 53
[19-Sep-2017 10:22:13 UTC] PHP Stack trace:
[19-Sep-2017 10:22:13 UTC] PHP   1. {main}() /home/ubuntu/workspace/tjulian/hw/hw2/index.php:0
[19-Sep-2017 10:22:13 UTC] PHP Warning:  Division by zero in /home/ubuntu/workspace/tjulian/hw/hw2/index.php on line 54
[19-Sep-2017 10:22:13 UTC] PHP Stack trace:
[19-Sep-2017 10:22:13 UTC] PHP   1. {main}() /home/ubuntu/workspace/tjulian/hw/hw2/index.php:0
[19-Sep-2017 10:22:51 UTC] PHP Warning:  Division by zero in /home/ubuntu/workspace/tjulian/hw/hw2/index.php on line 55
[19-Sep-2017 10:22:51 UTC] PHP Stack trace:
[19-Sep-2017 10:22:51 UTC] PHP   1. {main}() /home/ubuntu/workspace/tjulian/hw/hw2/index.php:0
[19-Sep-2017 10:22:51 UTC] PHP Warning:  Division by zero in /home/ubuntu/workspace/tjulian/hw/hw2/index.php on line 56
[19-Sep-2017 10:22:51 UTC] PHP Stack trace:
[19-Sep-2017 10:22:51 UTC] PHP   1. {main}() /home/ubuntu/workspace/tjulian/hw/hw2/index.php:0
[19-Sep-2017 10:38:27 UTC] PHP Fatal error:  Cannot redeclare displayRandomCard() (previously declared in /home/ubuntu/workspace/tjulian/hw/hw2/functions.php:26) in /home/ubuntu/workspace/tjulian/hw/hw2/functions.php on line 26
[19-Sep-2017 10:38:27 UTC] PHP Stack trace:
[19-Sep-2017 10:38:27 UTC] PHP   1. {main}() /home/ubuntu/workspace/tjulian/hw/hw2/index.php:0
[19-Sep-2017 10:38:27 UTC] PHP   2. include() /home/ubuntu/workspace/tjulian/hw/hw2/index.php:3
[19-Sep-2017 10:38:27 UTC] PHP   3. displayRPS() /home/ubuntu/workspace/tjulian/hw/hw2/functions.php:40
[19-Sep-2017 10:38:27 UTC] PHP   4. displayRPS() /home/ubuntu/workspace/tjulian/hw/hw2/functions.php:32
[19-Sep-2017 10:52:36 UTC] PHP Warning:  in_array() expects parameter 2 to be array, null given in /home/ubuntu/workspace/tjulian/hw/hw2/functions.php on line 53
[19-Sep-2017 10:52:36 UTC] PHP Stack trace:
[19-Sep-2017 10:52:36 UTC] PHP   1. {main}() /home/ubuntu/workspace/tjulian/hw/hw2/index.php:0
[19-Sep-2017 10:52:36 UTC] PHP   2. include() /home/ubuntu/workspace/tjulian/hw/hw2/index.php:3
[19-Sep-2017 10:52:36 UTC] PHP   3. in_array() /home/ubuntu/workspace/tjulian/hw/hw2/functions.php:53
[19-Sep-2017 10:52:40 UTC] PHP Warning:  in_array() expects parameter 2 to be array, null given in /home/ubuntu/workspace/tjulian/hw/hw2/functions.php on line 53
[19-Sep-2017 10:52:40 UTC] PHP Stack trace:
[19-Sep-2017 10:52:40 UTC] PHP   1. {main}() /home/ubuntu/workspace/tjulian/hw/hw2/index.php:0
[19-Sep-2017 10:52:40 UTC] PHP   2. include() /home/ubuntu/workspace/tjulian/hw/hw2/index.php:3
[19-Sep-2017 10:52:40 UTC] PHP   3. in_array() /home/ubuntu/workspace/tjulian/hw/hw2/functions.php:53
[19-Sep-2017 10:52:42 UTC] PHP Warning:  in_array() expects parameter 2 to be array, null given in /home/ubuntu/workspace/tjulian/hw/hw2/functions.php on line 53
[19-Sep-2017 10:52:42 UTC] PHP Stack trace:
[19-Sep-2017 10:52:42 UTC] PHP   1. {main}() /home/ubuntu/workspace/tjulian/hw/hw2/index.php:0
[19-Sep-2017 10:52:42 UTC] PHP   2. include() /home/ubuntu/workspace/tjulian/hw/hw2/index.php:3
[19-Sep-2017 10:52:42 UTC] PHP   3. in_array() /home/ubuntu/workspace/tjulian/hw/hw2/functions.php:53
[19-Sep-2017 10:53:05 UTC] PHP Warning:  in_array() expects parameter 2 to be array, null given in /home/ubuntu/workspace/tjulian/hw/hw2/functions.php on line 34
[19-Sep-2017 10:53:05 UTC] PHP Stack trace:
[19-Sep-2017 10:53:05 UTC] PHP   1. {main}() /home/ubuntu/workspace/tjulian/hw/hw2/index.php:0
[19-Sep-2017 10:53:05 UTC] PHP   2. include() /home/ubuntu/workspace/tjulian/hw/hw2/index.php:3
[19-Sep-2017 10:53:05 UTC] PHP   3. in_array() /home/ubuntu/workspace/tjulian/hw/hw2/functions.php:34
[19-Sep-2017 10:53:07 UTC] PHP Warning:  in_array() expects parameter 2 to be array, null given in /home/ubuntu/workspace/tjulian/hw/hw2/functions.php on line 34
[19-Sep-2017 10:53:07 UTC] PHP Stack trace:
[19-Sep-2017 10:53:07 UTC] PHP   1. {main}() /home/ubuntu/workspace/tjulian/hw/hw2/index.php:0
[19-Sep-2017 10:53:07 UTC] PHP   2. include() /home/ubuntu/workspace/tjulian/hw/hw2/index.php:3
[19-Sep-2017 10:53:07 UTC] PHP   3. in_array() /home/ubuntu/workspace/tjulian/hw/hw2/functions.php:34
[19-Sep-2017 10:53:09 UTC] PHP Warning:  in_array() expects parameter 2 to be array, null given in /home/ubuntu/workspace/tjulian/hw/hw2/functions.php on line 34
[19-Sep-2017 10:53:09 UTC] PHP Stack trace:
[19-Sep-2017 10:53:09 UTC] PHP   1. {main}() /home/ubuntu/workspace/tjulian/hw/hw2/index.php:0
[19-Sep-2017 10:53:09 UTC] PHP   2. include() /home/ubuntu/workspace/tjulian/hw/hw2/index.php:3
[19-Sep-2017 10:53:09 UTC] PHP   3. in_array() /home/ubuntu/workspace/tjulian/hw/hw2/functions.php:34
[19-Sep-2017 10:53:10 UTC] PHP Warning:  in_array() expects parameter 2 to be array, null given in /home/ubuntu/workspace/tjulian/hw/hw2/functions.php on line 34
[19-Sep-2017 10:53:10 UTC] PHP Stack trace:
[19-Sep-2017 10:53:10 UTC] PHP   1. {main}() /home/ubuntu/workspace/tjulian/hw/hw2/index.php:0
[19-Sep-2017 10:53:10 UTC] PHP   2. include() /home/ubuntu/workspace/tjulian/hw/hw2/index.php:3
[19-Sep-2017 10:53:10 UTC] PHP   3. in_array() /home/ubuntu/workspace/tjulian/hw/hw2/functions.php:34
[19-Sep-2017 10:53:12 UTC] PHP Warning:  in_array() expects parameter 2 to be array, null given in /home/ubuntu/workspace/tjulian/hw/hw2/functions.php on line 34
[19-Sep-2017 10:53:12 UTC] PHP Stack trace:
[19-Sep-2017 10:53:12 UTC] PHP   1. {main}() /home/ubuntu/workspace/tjulian/hw/hw2/index.php:0
[19-Sep-2017 10:53:12 UTC] PHP   2. include() /home/ubuntu/workspace/tjulian/hw/hw2/index.php:3
[19-Sep-2017 10:53:12 UTC] PHP   3. in_array() /home/ubuntu/workspace/tjulian/hw/hw2/functions.php:34
[19-Sep-2017 10:53:13 UTC] PHP Warning:  in_array() expects parameter 2 to be array, null given in /home/ubuntu/workspace/tjulian/hw/hw2/functions.php on line 34
[19-Sep-2017 10:53:13 UTC] PHP Stack trace:
[19-Sep-2017 10:53:13 UTC] PHP   1. {main}() /home/ubuntu/workspace/tjulian/hw/hw2/index.php:0
[19-Sep-2017 10:53:13 UTC] PHP   2. include() /home/ubuntu/workspace/tjulian/hw/hw2/index.php:3
[19-Sep-2017 10:53:13 UTC] PHP   3. in_array() /home/ubuntu/workspace/tjulian/hw/hw2/functions.php:34
[19-Sep-2017 10:53:14 UTC] PHP Warning:  in_array() expects parameter 2 to be array, null given in /home/ubuntu/workspace/tjulian/hw/hw2/functions.php on line 34
[19-Sep-2017 10:53:14 UTC] PHP Stack trace:
[19-Sep-2017 10:53:14 UTC] PHP   1. {main}() /home/ubuntu/workspace/tjulian/hw/hw2/index.php:0
[19-Sep-2017 10:53:14 UTC] PHP   2. include() /home/ubuntu/workspace/tjulian/hw/hw2/index.php:3
[19-Sep-2017 10:53:14 UTC] PHP   3. in_array() /home/ubuntu/workspace/tjulian/hw/hw2/functions.php:34
[19-Sep-2017 10:53:19 UTC] PHP Warning:  in_array() expects parameter 2 to be array, null given in /home/ubuntu/workspace/tjulian/hw/hw2/functions.php on line 34
[19-Sep-2017 10:53:19 UTC] PHP Stack trace:
[19-Sep-2017 10:53:19 UTC] PHP   1. {main}() /home/ubuntu/workspace/tjulian/hw/hw2/index.php:0
[19-Sep-2017 10:53:19 UTC] PHP   2. include() /home/ubuntu/workspace/tjulian/hw/hw2/index.php:3
[19-Sep-2017 10:53:19 UTC] PHP   3. in_array() /home/ubuntu/workspace/tjulian/hw/hw2/functions.php:34
[19-Sep-2017 10:53:20 UTC] PHP Warning:  in_array() expects parameter 2 to be array, null given in /home/ubuntu/workspace/tjulian/hw/hw2/functions.php on line 34
[19-Sep-2017 10:53:20 UTC] PHP Stack trace:
[19-Sep-2017 10:53:20 UTC] PHP   1. {main}() /home/ubuntu/workspace/tjulian/hw/hw2/index.php:0
[19-Sep-2017 10:53:20 UTC] PHP   2. include() /home/ubuntu/workspace/tjulian/hw/hw2/index.php:3
[19-Sep-2017 10:53:20 UTC] PHP   3. in_array() /home/ubuntu/workspace/tjulian/hw/hw2/functions.php:34
[19-Sep-2017 10:53:22 UTC] PHP Warning:  in_array() expects parameter 2 to be array, null given in /home/ubuntu/workspace/tjulian/hw/hw2/functions.php on line 34
[19-Sep-2017 10:53:22 UTC] PHP Stack trace:
[19-Sep-2017 10:53:22 UTC] PHP   1. {main}() /home/ubuntu/workspace/tjulian/hw/hw2/index.php:0
[19-Sep-2017 10:53:22 UTC] PHP   2. include() /home/ubuntu/workspace/tjulian/hw/hw2/index.php:3
[19-Sep-2017 10:53:22 UTC] PHP   3. in_array() /home/ubuntu/workspace/tjulian/hw/hw2/functions.php:34
[19-Sep-2017 11:15:28 UTC] PHP Parse error:  syntax error, unexpected 'else' (T_ELSE) in /home/ubuntu/workspace/tjulian/hw/hw2/functions.php on line 46
[19-Sep-2017 11:15:28 UTC] PHP Stack trace:
[19-Sep-2017 11:15:28 UTC] PHP   1. {main}() /home/ubuntu/workspace/tjulian/hw/hw2/index.php:0
[19-Sep-2017 11:26:56 UTC] PHP Fatal error:  Call to undefined function displayCard() in /home/ubuntu/workspace/tjulian/hw/hw2/index.php on line 18
[19-Sep-2017 11:26:56 UTC] PHP Stack trace:
[19-Sep-2017 11:26:56 UTC] PHP   1. {main}() /home/ubuntu/workspace/tjulian/hw/hw2/index.php:0
[19-Sep-2017 11:29:03 UTC] PHP Fatal error:  Call to undefined function displayImages() in /home/ubuntu/workspace/tjulian/hw/hw2/index.php on line 18
[19-Sep-2017 11:29:03 UTC] PHP Stack trace:
[19-Sep-2017 11:29:03 UTC] PHP   1. {main}() /home/ubuntu/workspace/tjulian/hw/hw2/index.php:0
[19-Sep-2017 11:29:07 UTC] PHP Fatal error:  Call to undefined function displayImages() in /home/ubuntu/workspace/tjulian/hw/hw2/index.php on line 18
[19-Sep-2017 11:29:07 UTC] PHP Stack trace:
[19-Sep-2017 11:29:07 UTC] PHP   1. {main}() /home/ubuntu/workspace/tjulian/hw/hw2/index.php:0
[19-Sep-2017 11:29:08 UTC] PHP Fatal error:  Call to undefined function displayImages() in /home/ubuntu/workspace/tjulian/hw/hw2/index.php on line 18
[19-Sep-2017 11:29:08 UTC] PHP Stack trace:
[19-Sep-2017 11:29:08 UTC] PHP   1. {main}() /home/ubuntu/workspace/tjulian/hw/hw2/index.php:0
[19-Sep-2017 11:29:09 UTC] PHP Fatal error:  Call to undefined function displayImages() in /home/ubuntu/workspace/tjulian/hw/hw2/index.php on line 18
[19-Sep-2017 11:29:09 UTC] PHP Stack trace:
[19-Sep-2017 11:29:09 UTC] PHP   1. {main}() /home/ubuntu/workspace/tjulian/hw/hw2/index.php:0
[19-Sep-2017 11:29:11 UTC] PHP Fatal error:  Call to undefined function displayImages() in /home/ubuntu/workspace/tjulian/hw/hw2/index.php on line 18
[19-Sep-2017 11:29:11 UTC] PHP Stack trace:
[19-Sep-2017 11:29:11 UTC] PHP   1. {main}() /home/ubuntu/workspace/tjulian/hw/hw2/index.php:0
[19-Sep-2017 11:29:13 UTC] PHP Fatal error:  Call to undefined function displayImages() in /home/ubuntu/workspace/tjulian/hw/hw2/index.php on line 18
[19-Sep-2017 11:29:13 UTC] PHP Stack trace:
[19-Sep-2017 11:29:13 UTC] PHP   1. {main}() /home/ubuntu/workspace/tjulian/hw/hw2/index.php:0
[19-Sep-2017 11:42:12 UTC] PHP Parse error:  syntax error, unexpected end of file in /home/ubuntu/workspace/tjulian/hw/hw2/functions.php on line 64
[19-Sep-2017 11:42:12 UTC] PHP Stack trace:
[19-Sep-2017 11:42:12 UTC] PHP   1. {main}() /home/ubuntu/workspace/tjulian/hw/hw2/index.php:0
[19-Sep-2017 11:59:18 UTC] PHP Warning:  Missing argument 3 for displayPoints(), called in /home/ubuntu/workspace/tjulian/hw/hw2/functions.php on line 67 and defined in /home/ubuntu/workspace/tjulian/hw/hw2/functions.php on line 39
[19-Sep-2017 11:59:18 UTC] PHP Stack trace:
[19-Sep-2017 11:59:18 UTC] PHP   1. {main}() /home/ubuntu/workspace/tjulian/hw/hw2/index.php:0
[19-Sep-2017 11:59:18 UTC] PHP   2. include() /home/ubuntu/workspace/tjulian/hw/hw2/index.php:3
[19-Sep-2017 11:59:18 UTC] PHP   3. displayPoints() /home/ubuntu/workspace/tjulian/hw/hw2/functions.php:67
[19-Sep-2017 11:59:22 UTC] PHP Warning:  Missing argument 3 for displayPoints(), called in /home/ubuntu/workspace/tjulian/hw/hw2/functions.php on line 67 and defined in /home/ubuntu/workspace/tjulian/hw/hw2/functions.php on line 39
[19-Sep-2017 11:59:22 UTC] PHP Stack trace:
[19-Sep-2017 11:59:22 UTC] PHP   1. {main}() /home/ubuntu/workspace/tjulian/hw/hw2/index.php:0
[19-Sep-2017 11:59:22 UTC] PHP   2. include() /home/ubuntu/workspace/tjulian/hw/hw2/index.php:3
[19-Sep-2017 11:59:22 UTC] PHP   3. displayPoints() /home/ubuntu/workspace/tjulian/hw/hw2/functions.php:67
[19-Sep-2017 11:59:23 UTC] PHP Warning:  Missing argument 3 for displayPoints(), called in /home/ubuntu/workspace/tjulian/hw/hw2/functions.php on line 67 and defined in /home/ubuntu/workspace/tjulian/hw/hw2/functions.php on line 39
[19-Sep-2017 11:59:23 UTC] PHP Stack trace:
[19-Sep-2017 11:59:23 UTC] PHP   1. {main}() /home/ubuntu/workspace/tjulian/hw/hw2/index.php:0
[19-Sep-2017 11:59:23 UTC] PHP   2. include() /home/ubuntu/workspace/tjulian/hw/hw2/index.php:3
[19-Sep-2017 11:59:23 UTC] PHP   3. displayPoints() /home/ubuntu/workspace/tjulian/hw/hw2/functions.php:67
[19-Sep-2017 11:59:25 UTC] PHP Warning:  Missing argument 3 for displayPoints(), called in /home/ubuntu/workspace/tjulian/hw/hw2/functions.php on line 67 and defined in /home/ubuntu/workspace/tjulian/hw/hw2/functions.php on line 39
[19-Sep-2017 11:59:25 UTC] PHP Stack trace:
[19-Sep-2017 11:59:25 UTC] PHP   1. {main}() /home/ubuntu/workspace/tjulian/hw/hw2/index.php:0
[19-Sep-2017 11:59:25 UTC] PHP   2. include() /home/ubuntu/workspace/tjulian/hw/hw2/index.php:3
[19-Sep-2017 11:59:25 UTC] PHP   3. displayPoints() /home/ubuntu/workspace/tjulian/hw/hw2/functions.php:67
[19-Sep-2017 11:59:25 UTC] PHP Warning:  Missing argument 3 for displayPoints(), called in /home/ubuntu/workspace/tjulian/hw/hw2/functions.php on line 67 and defined in /home/ubuntu/workspace/tjulian/hw/hw2/functions.php on line 39
[19-Sep-2017 11:59:25 UTC] PHP Stack trace:
[19-Sep-2017 11:59:25 UTC] PHP   1. {main}() /home/ubuntu/workspace/tjulian/hw/hw2/index.php:0
[19-Sep-2017 11:59:25 UTC] PHP   2. include() /home/ubuntu/workspace/tjulian/hw/hw2/index.php:3
[19-Sep-2017 11:59:25 UTC] PHP   3. displayPoints() /home/ubuntu/workspace/tjulian/hw/hw2/functions.php:67
[19-Sep-2017 11:59:51 UTC] PHP Warning:  Missing argument 3 for displayPoints(), called in /home/ubuntu/workspace/tjulian/hw/hw2/functions.php on line 67 and defined in /home/ubuntu/workspace/tjulian/hw/hw2/functions.php on line 39
[19-Sep-2017 11:59:51 UTC] PHP Stack trace:
[19-Sep-2017 11:59:51 UTC] PHP   1. {main}() /home/ubuntu/workspace/tjulian/hw/hw2/index.php:0
[19-Sep-2017 11:59:51 UTC] PHP   2. include() /home/ubuntu/workspace/tjulian/hw/hw2/index.php:3
[19-Sep-2017 11:59:51 UTC] PHP   3. displayPoints() /home/ubuntu/workspace/tjulian/hw/hw2/functions.php:67
[19-Sep-2017 11:59:53 UTC] PHP Warning:  Missing argument 3 for displayPoints(), called in /home/ubuntu/workspace/tjulian/hw/hw2/functions.php on line 67 and defined in /home/ubuntu/workspace/tjulian/hw/hw2/functions.php on line 39
[19-Sep-2017 11:59:53 UTC] PHP Stack trace:
[19-Sep-2017 11:59:53 UTC] PHP   1. {main}() /home/ubuntu/workspace/tjulian/hw/hw2/index.php:0
[19-Sep-2017 11:59:53 UTC] PHP   2. include() /home/ubuntu/workspace/tjulian/hw/hw2/index.php:3
[19-Sep-2017 11:59:53 UTC] PHP   3. displayPoints() /home/ubuntu/workspace/tjulian/hw/hw2/functions.php:67
[10-Oct-2017 00:17:53 UTC] PHP Parse error:  syntax error, unexpected ')' in /home/ubuntu/workspace/tjulian/hw/hw3/index.php on line 62
[10-Oct-2017 00:17:54 UTC] PHP Parse error:  syntax error, unexpected ')' in /home/ubuntu/workspace/tjulian/hw/hw3/index.php on line 62
[10-Oct-2017 00:19:27 UTC] PHP Parse error:  syntax error, unexpected '$randval2' (T_VARIABLE) in /home/ubuntu/workspace/tjulian/hw/hw3/index.php on line 64
[10-Oct-2017 00:24:12 UTC] PHP Parse error:  syntax error, unexpected '{' in /home/ubuntu/workspace/tjulian/hw/hw3/index.php on line 60
[10-Oct-2017 00:25:43 UTC] PHP Parse error:  syntax error, unexpected '{' in /home/ubuntu/workspace/tjulian/hw/hw3/index.php on line 60
[10-Oct-2017 06:06:59 UTC] PHP Parse error:  syntax error, unexpected '}' in /home/ubuntu/workspace/tjulian/hw/hw3/index.php on line 166
[10-Oct-2017 06:29:30 UTC] PHP Warning:  Illegal string offset 'can' in /home/ubuntu/workspace/tjulian/hw/hw3/index.php on line 149
[10-Oct-2017 06:29:30 UTC] PHP Stack trace:
[10-Oct-2017 06:29:30 UTC] PHP   1. {main}() /home/ubuntu/workspace/tjulian/hw/hw3/index.php:0
[10-Oct-2017 15:38:14 UTC] PHP Parse error:  syntax error, unexpected '?' in /home/ubuntu/workspace/tjulian/hw/hw3/index.php on line 186
[10-Oct-2017 15:52:59 UTC] PHP Fatal error:  Call to undefined function isFormValid() in /home/ubuntu/workspace/tjulian/hw/hw3/index.php on line 168
[10-Oct-2017 15:52:59 UTC] PHP Stack trace:
[10-Oct-2017 15:52:59 UTC] PHP   1. {main}() /home/ubuntu/workspace/tjulian/hw/hw3/index.php:0
[10-Oct-2017 15:54:16 UTC] PHP Fatal error:  Call to undefined function math() in /home/ubuntu/workspace/tjulian/hw/hw3/index.php on line 168
[10-Oct-2017 15:54:16 UTC] PHP Stack trace:
[10-Oct-2017 15:54:16 UTC] PHP   1. {main}() /home/ubuntu/workspace/tjulian/hw/hw3/index.php:0
[10-Oct-2017 15:55:02 UTC] PHP Fatal error:  Call to undefined function math() in /home/ubuntu/workspace/tjulian/hw/hw3/index.php on line 168
[10-Oct-2017 15:55:02 UTC] PHP Stack trace:
[10-Oct-2017 15:55:02 UTC] PHP   1. {main}() /home/ubuntu/workspace/tjulian/hw/hw3/index.php:0
[10-Oct-2017 15:59:42 UTC] PHP Parse error:  syntax error, unexpected end of file in /home/ubuntu/workspace/tjulian/hw/hw3/index.php on line 196
[16-Oct-2017 01:31:42 UTC] PHP Parse error:  syntax error, unexpected 'type' (T_STRING) in /home/ubuntu/workspace/tjulian/hw/hw3/index.php on line 39
[16-Oct-2017 01:34:04 UTC] PHP Parse error:  syntax error, unexpected '}' in /home/ubuntu/workspace/tjulian/hw/hw3/index.php on line 72
