[05-Sep-2017 17:58:40 UTC] PHP Parse error:  syntax error, unexpected '<' in /home/ubuntu/workspace/tjulian/labs/lab2/index.php on line 20
[05-Sep-2017 18:00:36 UTC] PHP Parse error:  syntax error, unexpected '<' in /home/ubuntu/workspace/tjulian/labs/lab2/index.php on line 20
[05-Sep-2017 18:01:20 UTC] PHP Parse error:  syntax error, unexpected '?>' in /home/ubuntu/workspace/tjulian/labs/lab2/index.php on line 19
[05-Sep-2017 18:40:16 UTC] PHP Parse error:  syntax error, unexpected '$randomValue2' (T_VARIABLE), expecting ',' or ';' in /home/ubuntu/workspace/tjulian/labs/lab2/index.php on line 38
[05-Sep-2017 18:40:17 UTC] PHP Parse error:  syntax error, unexpected '$randomValue2' (T_VARIABLE), expecting ',' or ';' in /home/ubuntu/workspace/tjulian/labs/lab2/index.php on line 38
[05-Sep-2017 18:44:31 UTC] PHP Parse error:  syntax error, unexpected '$randomValue2' (T_VARIABLE), expecting ',' or ';' in /home/ubuntu/workspace/tjulian/labs/lab2/index.php on line 44
[07-Sep-2017 04:29:04 UTC] PHP Parse error:  syntax error, unexpected '}' in /home/ubuntu/workspace/tjulian/labs/lab2/index.php on line 26
[07-Sep-2017 04:31:37 UTC] PHP Parse error:  syntax error, unexpected 'The' (T_STRING), expecting ',' or ';' in /home/ubuntu/workspace/tjulian/labs/lab2/index.php on line 42
[07-Sep-2017 04:33:55 UTC] PHP Parse error:  syntax error, unexpected 'The' (T_STRING), expecting ',' or ';' in /home/ubuntu/workspace/tjulian/labs/lab2/index.php on line 42
[07-Sep-2017 04:40:25 UTC] PHP Parse error:  syntax error, unexpected '>' in /home/ubuntu/workspace/tjulian/labs/lab2/index.php on line 40
[07-Sep-2017 04:43:27 UTC] PHP Parse error:  syntax error, unexpected '}', expecting ',' or ';' in /home/ubuntu/workspace/tjulian/labs/lab2/index.php on line 25
[07-Sep-2017 05:07:04 UTC] PHP Parse error:  syntax error, unexpected '>' in /home/ubuntu/workspace/tjulian/labs/lab2/index.php on line 39
[07-Sep-2017 05:57:43 UTC] PHP Fatal error:  Call to undefined function displaySymbol() in /home/ubuntu/workspace/tjulian/labs/lab2/index.php on line 15
[07-Sep-2017 05:57:43 UTC] PHP Stack trace:
[07-Sep-2017 05:57:43 UTC] PHP   1. {main}() /home/ubuntu/workspace/tjulian/labs/lab2/index.php:0
[07-Sep-2017 05:58:42 UTC] PHP Fatal error:  Call to undefined function displaySymbol() in /home/ubuntu/workspace/tjulian/labs/lab2/index.php on line 15
[07-Sep-2017 05:58:42 UTC] PHP Stack trace:
[07-Sep-2017 05:58:42 UTC] PHP   1. {main}() /home/ubuntu/workspace/tjulian/labs/lab2/index.php:0
[07-Sep-2017 18:26:36 UTC] PHP Fatal error:  Cannot redeclare displaySymbol() (previously declared in /home/ubuntu/workspace/tjulian/labs/lab2/inc/functions.php:2) in /home/ubuntu/workspace/tjulian/labs/lab2/inc/functions.php on line 67
[07-Sep-2017 18:26:36 UTC] PHP Stack trace:
[07-Sep-2017 18:26:36 UTC] PHP   1. {main}() /home/ubuntu/workspace/tjulian/labs/lab2/index.php:0
[07-Sep-2017 18:30:45 UTC] PHP Warning:  Missing argument 2 for displaySymbol(), called in /home/ubuntu/workspace/tjulian/labs/lab2/inc/functions.php on line 19 and defined in /home/ubuntu/workspace/tjulian/labs/lab2/inc/functions.php on line 2
[07-Sep-2017 18:30:45 UTC] PHP Stack trace:
[07-Sep-2017 18:30:45 UTC] PHP   1. {main}() /home/ubuntu/workspace/tjulian/labs/lab2/index.php:0
[07-Sep-2017 18:30:45 UTC] PHP   2. include() /home/ubuntu/workspace/tjulian/labs/lab2/index.php:3
[07-Sep-2017 18:30:45 UTC] PHP   3. displaySymbol() /home/ubuntu/workspace/tjulian/labs/lab2/inc/functions.php:19
[07-Sep-2017 18:30:45 UTC] PHP Warning:  Missing argument 2 for displaySymbol(), called in /home/ubuntu/workspace/tjulian/labs/lab2/inc/functions.php on line 21 and defined in /home/ubuntu/workspace/tjulian/labs/lab2/inc/functions.php on line 2
[07-Sep-2017 18:30:45 UTC] PHP Stack trace:
[07-Sep-2017 18:30:45 UTC] PHP   1. {main}() /home/ubuntu/workspace/tjulian/labs/lab2/index.php:0
[07-Sep-2017 18:30:45 UTC] PHP   2. include() /home/ubuntu/workspace/tjulian/labs/lab2/index.php:3
[07-Sep-2017 18:30:45 UTC] PHP   3. displaySymbol() /home/ubuntu/workspace/tjulian/labs/lab2/inc/functions.php:21
[07-Sep-2017 18:30:45 UTC] PHP Warning:  Missing argument 2 for displaySymbol(), called in /home/ubuntu/workspace/tjulian/labs/lab2/inc/functions.php on line 23 and defined in /home/ubuntu/workspace/tjulian/labs/lab2/inc/functions.php on line 2
[07-Sep-2017 18:30:45 UTC] PHP Stack trace:
[07-Sep-2017 18:30:45 UTC] PHP   1. {main}() /home/ubuntu/workspace/tjulian/labs/lab2/index.php:0
[07-Sep-2017 18:30:45 UTC] PHP   2. include() /home/ubuntu/workspace/tjulian/labs/lab2/index.php:3
[07-Sep-2017 18:30:45 UTC] PHP   3. displaySymbol() /home/ubuntu/workspace/tjulian/labs/lab2/inc/functions.php:23
[07-Sep-2017 18:33:57 UTC] PHP Warning:  Missing argument 2 for displaySymbol(), called in /home/ubuntu/workspace/tjulian/labs/lab2/inc/functions.php on line 21 and defined in /home/ubuntu/workspace/tjulian/labs/lab2/inc/functions.php on line 2
[07-Sep-2017 18:33:57 UTC] PHP Stack trace:
[07-Sep-2017 18:33:57 UTC] PHP   1. {main}() /home/ubuntu/workspace/tjulian/labs/lab2/index.php:0
[07-Sep-2017 18:33:57 UTC] PHP   2. include() /home/ubuntu/workspace/tjulian/labs/lab2/index.php:3
[07-Sep-2017 18:33:57 UTC] PHP   3. displaySymbol() /home/ubuntu/workspace/tjulian/labs/lab2/inc/functions.php:21
[07-Sep-2017 18:33:57 UTC] PHP Warning:  Missing argument 2 for displaySymbol(), called in /home/ubuntu/workspace/tjulian/labs/lab2/inc/functions.php on line 23 and defined in /home/ubuntu/workspace/tjulian/labs/lab2/inc/functions.php on line 2
[07-Sep-2017 18:33:57 UTC] PHP Stack trace:
[07-Sep-2017 18:33:57 UTC] PHP   1. {main}() /home/ubuntu/workspace/tjulian/labs/lab2/index.php:0
[07-Sep-2017 18:33:57 UTC] PHP   2. include() /home/ubuntu/workspace/tjulian/labs/lab2/index.php:3
[07-Sep-2017 18:33:57 UTC] PHP   3. displaySymbol() /home/ubuntu/workspace/tjulian/labs/lab2/inc/functions.php:23
[07-Sep-2017 18:33:57 UTC] PHP Warning:  Missing argument 2 for displaySymbol(), called in /home/ubuntu/workspace/tjulian/labs/lab2/inc/functions.php on line 25 and defined in /home/ubuntu/workspace/tjulian/labs/lab2/inc/functions.php on line 2
[07-Sep-2017 18:33:57 UTC] PHP Stack trace:
[07-Sep-2017 18:33:57 UTC] PHP   1. {main}() /home/ubuntu/workspace/tjulian/labs/lab2/index.php:0
[07-Sep-2017 18:33:57 UTC] PHP   2. include() /home/ubuntu/workspace/tjulian/labs/lab2/index.php:3
[07-Sep-2017 18:33:57 UTC] PHP   3. displaySymbol() /home/ubuntu/workspace/tjulian/labs/lab2/inc/functions.php:25
[07-Sep-2017 18:33:59 UTC] PHP Warning:  Missing argument 2 for displaySymbol(), called in /home/ubuntu/workspace/tjulian/labs/lab2/inc/functions.php on line 21 and defined in /home/ubuntu/workspace/tjulian/labs/lab2/inc/functions.php on line 2
[07-Sep-2017 18:33:59 UTC] PHP Stack trace:
[07-Sep-2017 18:33:59 UTC] PHP   1. {main}() /home/ubuntu/workspace/tjulian/labs/lab2/index.php:0
[07-Sep-2017 18:33:59 UTC] PHP   2. include() /home/ubuntu/workspace/tjulian/labs/lab2/index.php:3
[07-Sep-2017 18:33:59 UTC] PHP   3. displaySymbol() /home/ubuntu/workspace/tjulian/labs/lab2/inc/functions.php:21
[07-Sep-2017 18:33:59 UTC] PHP Warning:  Missing argument 2 for displaySymbol(), called in /home/ubuntu/workspace/tjulian/labs/lab2/inc/functions.php on line 23 and defined in /home/ubuntu/workspace/tjulian/labs/lab2/inc/functions.php on line 2
[07-Sep-2017 18:33:59 UTC] PHP Stack trace:
[07-Sep-2017 18:33:59 UTC] PHP   1. {main}() /home/ubuntu/workspace/tjulian/labs/lab2/index.php:0
[07-Sep-2017 18:33:59 UTC] PHP   2. include() /home/ubuntu/workspace/tjulian/labs/lab2/index.php:3
[07-Sep-2017 18:33:59 UTC] PHP   3. displaySymbol() /home/ubuntu/workspace/tjulian/labs/lab2/inc/functions.php:23
[07-Sep-2017 18:33:59 UTC] PHP Warning:  Missing argument 2 for displaySymbol(), called in /home/ubuntu/workspace/tjulian/labs/lab2/inc/functions.php on line 25 and defined in /home/ubuntu/workspace/tjulian/labs/lab2/inc/functions.php on line 2
[07-Sep-2017 18:33:59 UTC] PHP Stack trace:
[07-Sep-2017 18:33:59 UTC] PHP   1. {main}() /home/ubuntu/workspace/tjulian/labs/lab2/index.php:0
[07-Sep-2017 18:33:59 UTC] PHP   2. include() /home/ubuntu/workspace/tjulian/labs/lab2/index.php:3
[07-Sep-2017 18:33:59 UTC] PHP   3. displaySymbol() /home/ubuntu/workspace/tjulian/labs/lab2/inc/functions.php:25
[07-Sep-2017 18:34:38 UTC] PHP Warning:  Missing argument 2 for displaySymbol(), called in /home/ubuntu/workspace/tjulian/labs/lab2/inc/functions.php on line 20 and defined in /home/ubuntu/workspace/tjulian/labs/lab2/inc/functions.php on line 2
[07-Sep-2017 18:34:38 UTC] PHP Stack trace:
[07-Sep-2017 18:34:38 UTC] PHP   1. {main}() /home/ubuntu/workspace/tjulian/labs/lab2/index.php:0
[07-Sep-2017 18:34:38 UTC] PHP   2. include() /home/ubuntu/workspace/tjulian/labs/lab2/index.php:3
[07-Sep-2017 18:34:38 UTC] PHP   3. displaySymbol() /home/ubuntu/workspace/tjulian/labs/lab2/inc/functions.php:20
[07-Sep-2017 18:34:38 UTC] PHP Warning:  Missing argument 2 for displaySymbol(), called in /home/ubuntu/workspace/tjulian/labs/lab2/inc/functions.php on line 22 and defined in /home/ubuntu/workspace/tjulian/labs/lab2/inc/functions.php on line 2
[07-Sep-2017 18:34:38 UTC] PHP Stack trace:
[07-Sep-2017 18:34:38 UTC] PHP   1. {main}() /home/ubuntu/workspace/tjulian/labs/lab2/index.php:0
[07-Sep-2017 18:34:38 UTC] PHP   2. include() /home/ubuntu/workspace/tjulian/labs/lab2/index.php:3
[07-Sep-2017 18:34:38 UTC] PHP   3. displaySymbol() /home/ubuntu/workspace/tjulian/labs/lab2/inc/functions.php:22
[07-Sep-2017 18:34:38 UTC] PHP Warning:  Missing argument 2 for displaySymbol(), called in /home/ubuntu/workspace/tjulian/labs/lab2/inc/functions.php on line 24 and defined in /home/ubuntu/workspace/tjulian/labs/lab2/inc/functions.php on line 2
[07-Sep-2017 18:34:38 UTC] PHP Stack trace:
[07-Sep-2017 18:34:38 UTC] PHP   1. {main}() /home/ubuntu/workspace/tjulian/labs/lab2/index.php:0
[07-Sep-2017 18:34:38 UTC] PHP   2. include() /home/ubuntu/workspace/tjulian/labs/lab2/index.php:3
[07-Sep-2017 18:34:38 UTC] PHP   3. displaySymbol() /home/ubuntu/workspace/tjulian/labs/lab2/inc/functions.php:24
