[12-Sep-2017 17:34:39 UTC] PHP Parse error:  syntax error, unexpected '$computerCard' (T_VARIABLE) in /home/ubuntu/workspace/tjulian/challenges/challenge2/index.php on line 3
[12-Sep-2017 17:34:41 UTC] PHP Parse error:  syntax error, unexpected '$computerCard' (T_VARIABLE) in /home/ubuntu/workspace/tjulian/challenges/challenge2/index.php on line 3
[12-Sep-2017 17:34:51 UTC] PHP Parse error:  syntax error, unexpected '$computerCard' (T_VARIABLE) in /home/ubuntu/workspace/tjulian/challenges/challenge2/index.php on line 3
[12-Sep-2017 17:34:55 UTC] PHP Parse error:  syntax error, unexpected '$computerCard' (T_VARIABLE) in /home/ubuntu/workspace/tjulian/challenges/challenge2/index.php on line 3
[12-Sep-2017 17:35:11 UTC] PHP Parse error:  syntax error, unexpected '$computerCard' (T_VARIABLE) in /home/ubuntu/workspace/tjulian/challenges/challenge2/index.php on line 3
[12-Sep-2017 17:35:28 UTC] PHP Parse error:  syntax error, unexpected '$computerCard' (T_VARIABLE) in /home/ubuntu/workspace/tjulian/challenges/challenge2/index.php on line 3
[12-Sep-2017 17:35:29 UTC] PHP Parse error:  syntax error, unexpected '$computerCard' (T_VARIABLE) in /home/ubuntu/workspace/tjulian/challenges/challenge2/index.php on line 3
[12-Sep-2017 17:35:38 UTC] PHP Parse error:  syntax error, unexpected '}' in /home/ubuntu/workspace/tjulian/challenges/challenge2/index.php on line 11
[12-Sep-2017 17:35:39 UTC] PHP Parse error:  syntax error, unexpected '}' in /home/ubuntu/workspace/tjulian/challenges/challenge2/index.php on line 11
[12-Sep-2017 17:35:42 UTC] PHP Parse error:  syntax error, unexpected '}' in /home/ubuntu/workspace/tjulian/challenges/challenge2/index.php on line 11
[12-Sep-2017 17:35:56 UTC] PHP Parse error:  syntax error, unexpected '}' in /home/ubuntu/workspace/tjulian/challenges/challenge2/index.php on line 11
[12-Sep-2017 17:35:56 UTC] PHP Parse error:  syntax error, unexpected '}' in /home/ubuntu/workspace/tjulian/challenges/challenge2/index.php on line 11
[12-Sep-2017 17:37:02 UTC] PHP Parse error:  syntax error, unexpected 'if' (T_IF), expecting ',' or ';' in /home/ubuntu/workspace/tjulian/challenges/challenge2/index.php on line 58
[30-Nov-2017 19:08:55 UTC] PHP Parse error:  syntax error, unexpected '.', expecting variable (T_VARIABLE) or '$' in /home/ubuntu/workspace/tjulian/challenges/challengeapi/pixabayChallenge.php on line 2
[30-Nov-2017 19:09:09 UTC] PHP Parse error:  syntax error, unexpected '.', expecting variable (T_VARIABLE) or '$' in /home/ubuntu/workspace/tjulian/challenges/challengeapi/pixabayChallenge.php on line 2
[30-Nov-2017 19:09:10 UTC] PHP Parse error:  syntax error, unexpected '.', expecting variable (T_VARIABLE) or '$' in /home/ubuntu/workspace/tjulian/challenges/challengeapi/pixabayChallenge.php on line 3
[30-Nov-2017 19:12:24 UTC] PHP Parse error:  syntax error, unexpected 'encode' (T_STRING), expecting ',' or ';' in /home/ubuntu/workspace/tjulian/challenges/challengeapi/pixabayChallenge.php on line 51
[30-Nov-2017 19:12:25 UTC] PHP Parse error:  syntax error, unexpected 'encode' (T_STRING), expecting ',' or ';' in /home/ubuntu/workspace/tjulian/challenges/challengeapi/pixabayChallenge.php on line 51
[30-Nov-2017 19:33:29 UTC] PHP Fatal error:  Uncaught exception 'PDOException' with message 'SQLSTATE[42S02]: Base table or view not found: 1146 Table 'quotes.search' doesn't exist' in /home/ubuntu/workspace/tjulian/challenges/challengeapi/pixabayChallenge.php:14
Stack trace:
#0 /home/ubuntu/workspace/tjulian/challenges/challengeapi/pixabayChallenge.php(14): PDOStatement->execute(Array)
#1 {main}
  thrown in /home/ubuntu/workspace/tjulian/challenges/challengeapi/pixabayChallenge.php on line 14
[30-Nov-2017 19:34:18 UTC] PHP Fatal error:  Uncaught exception 'PDOException' with message 'SQLSTATE[42S02]: Base table or view not found: 1146 Table 'quotes.search' doesn't exist' in /home/ubuntu/workspace/tjulian/challenges/challengeapi/pixabayChallenge.php:14
Stack trace:
#0 /home/ubuntu/workspace/tjulian/challenges/challengeapi/pixabayChallenge.php(14): PDOStatement->execute(Array)
#1 {main}
  thrown in /home/ubuntu/workspace/tjulian/challenges/challengeapi/pixabayChallenge.php on line 14
[30-Nov-2017 19:34:19 UTC] PHP Fatal error:  Uncaught exception 'PDOException' with message 'SQLSTATE[42S02]: Base table or view not found: 1146 Table 'quotes.search' doesn't exist' in /home/ubuntu/workspace/tjulian/challenges/challengeapi/pixabayChallenge.php:14
Stack trace:
#0 /home/ubuntu/workspace/tjulian/challenges/challengeapi/pixabayChallenge.php(14): PDOStatement->execute(Array)
#1 {main}
  thrown in /home/ubuntu/workspace/tjulian/challenges/challengeapi/pixabayChallenge.php on line 14
[30-Nov-2017 19:34:19 UTC] PHP Fatal error:  Uncaught exception 'PDOException' with message 'SQLSTATE[42S02]: Base table or view not found: 1146 Table 'quotes.search' doesn't exist' in /home/ubuntu/workspace/tjulian/challenges/challengeapi/pixabayChallenge.php:14
Stack trace:
#0 /home/ubuntu/workspace/tjulian/challenges/challengeapi/pixabayChallenge.php(14): PDOStatement->execute(Array)
#1 {main}
  thrown in /home/ubuntu/workspace/tjulian/challenges/challengeapi/pixabayChallenge.php on line 14
[30-Nov-2017 19:34:20 UTC] PHP Fatal error:  Uncaught exception 'PDOException' with message 'SQLSTATE[42S02]: Base table or view not found: 1146 Table 'quotes.search' doesn't exist' in /home/ubuntu/workspace/tjulian/challenges/challengeapi/pixabayChallenge.php:14
Stack trace:
#0 /home/ubuntu/workspace/tjulian/challenges/challengeapi/pixabayChallenge.php(14): PDOStatement->execute(Array)
#1 {main}
  thrown in /home/ubuntu/workspace/tjulian/challenges/challengeapi/pixabayChallenge.php on line 14
[30-Nov-2017 19:34:20 UTC] PHP Fatal error:  Uncaught exception 'PDOException' with message 'SQLSTATE[42S02]: Base table or view not found: 1146 Table 'quotes.search' doesn't exist' in /home/ubuntu/workspace/tjulian/challenges/challengeapi/pixabayChallenge.php:14
Stack trace:
#0 /home/ubuntu/workspace/tjulian/challenges/challengeapi/pixabayChallenge.php(14): PDOStatement->execute(Array)
#1 {main}
  thrown in /home/ubuntu/workspace/tjulian/challenges/challengeapi/pixabayChallenge.php on line 14
[30-Nov-2017 19:34:20 UTC] PHP Fatal error:  Uncaught exception 'PDOException' with message 'SQLSTATE[42S02]: Base table or view not found: 1146 Table 'quotes.search' doesn't exist' in /home/ubuntu/workspace/tjulian/challenges/challengeapi/pixabayChallenge.php:14
Stack trace:
#0 /home/ubuntu/workspace/tjulian/challenges/challengeapi/pixabayChallenge.php(14): PDOStatement->execute(Array)
#1 {main}
  thrown in /home/ubuntu/workspace/tjulian/challenges/challengeapi/pixabayChallenge.php on line 14
[30-Nov-2017 19:36:22 UTC] PHP Fatal error:  Uncaught exception 'PDOException' with message 'SQLSTATE[42S22]: Column not found: 1054 Unknown column 'keyword' in 'field list'' in /home/ubuntu/workspace/tjulian/challenges/challengeapi/pixabayChallenge.php:14
Stack trace:
#0 /home/ubuntu/workspace/tjulian/challenges/challengeapi/pixabayChallenge.php(14): PDOStatement->execute(Array)
#1 {main}
  thrown in /home/ubuntu/workspace/tjulian/challenges/challengeapi/pixabayChallenge.php on line 14
[30-Nov-2017 19:36:23 UTC] PHP Fatal error:  Uncaught exception 'PDOException' with message 'SQLSTATE[42S22]: Column not found: 1054 Unknown column 'keyword' in 'field list'' in /home/ubuntu/workspace/tjulian/challenges/challengeapi/pixabayChallenge.php:14
Stack trace:
#0 /home/ubuntu/workspace/tjulian/challenges/challengeapi/pixabayChallenge.php(14): PDOStatement->execute(Array)
#1 {main}
  thrown in /home/ubuntu/workspace/tjulian/challenges/challengeapi/pixabayChallenge.php on line 14
[30-Nov-2017 19:36:24 UTC] PHP Fatal error:  Uncaught exception 'PDOException' with message 'SQLSTATE[42S22]: Column not found: 1054 Unknown column 'keyword' in 'field list'' in /home/ubuntu/workspace/tjulian/challenges/challengeapi/pixabayChallenge.php:14
Stack trace:
#0 /home/ubuntu/workspace/tjulian/challenges/challengeapi/pixabayChallenge.php(14): PDOStatement->execute(Array)
#1 {main}
  thrown in /home/ubuntu/workspace/tjulian/challenges/challengeapi/pixabayChallenge.php on line 14
[30-Nov-2017 19:36:24 UTC] PHP Fatal error:  Uncaught exception 'PDOException' with message 'SQLSTATE[42S22]: Column not found: 1054 Unknown column 'keyword' in 'field list'' in /home/ubuntu/workspace/tjulian/challenges/challengeapi/pixabayChallenge.php:14
Stack trace:
#0 /home/ubuntu/workspace/tjulian/challenges/challengeapi/pixabayChallenge.php(14): PDOStatement->execute(Array)
#1 {main}
  thrown in /home/ubuntu/workspace/tjulian/challenges/challengeapi/pixabayChallenge.php on line 14
[30-Nov-2017 19:36:24 UTC] PHP Fatal error:  Uncaught exception 'PDOException' with message 'SQLSTATE[42S22]: Column not found: 1054 Unknown column 'keyword' in 'field list'' in /home/ubuntu/workspace/tjulian/challenges/challengeapi/pixabayChallenge.php:14
Stack trace:
#0 /home/ubuntu/workspace/tjulian/challenges/challengeapi/pixabayChallenge.php(14): PDOStatement->execute(Array)
#1 {main}
  thrown in /home/ubuntu/workspace/tjulian/challenges/challengeapi/pixabayChallenge.php on line 14
[30-Nov-2017 19:36:24 UTC] PHP Fatal error:  Uncaught exception 'PDOException' with message 'SQLSTATE[42S22]: Column not found: 1054 Unknown column 'keyword' in 'field list'' in /home/ubuntu/workspace/tjulian/challenges/challengeapi/pixabayChallenge.php:14
Stack trace:
#0 /home/ubuntu/workspace/tjulian/challenges/challengeapi/pixabayChallenge.php(14): PDOStatement->execute(Array)
#1 {main}
  thrown in /home/ubuntu/workspace/tjulian/challenges/challengeapi/pixabayChallenge.php on line 14
[30-Nov-2017 19:36:24 UTC] PHP Fatal error:  Uncaught exception 'PDOException' with message 'SQLSTATE[42S22]: Column not found: 1054 Unknown column 'keyword' in 'field list'' in /home/ubuntu/workspace/tjulian/challenges/challengeapi/pixabayChallenge.php:14
Stack trace:
#0 /home/ubuntu/workspace/tjulian/challenges/challengeapi/pixabayChallenge.php(14): PDOStatement->execute(Array)
#1 {main}
  thrown in /home/ubuntu/workspace/tjulian/challenges/challengeapi/pixabayChallenge.php on line 14
[30-Nov-2017 19:38:03 UTC] PHP Fatal error:  Uncaught exception 'PDOException' with message 'SQLSTATE[42S22]: Column not found: 1054 Unknown column 'keyword' in 'field list'' in /home/ubuntu/workspace/tjulian/challenges/challengeapi/pixabayChallenge.php:14
Stack trace:
#0 /home/ubuntu/workspace/tjulian/challenges/challengeapi/pixabayChallenge.php(14): PDOStatement->execute(Array)
#1 {main}
  thrown in /home/ubuntu/workspace/tjulian/challenges/challengeapi/pixabayChallenge.php on line 14
